2020-09-27 00:27:50 INFO  LoginFilter:131 - Logger here! btnAction at Filter :null
2020-09-27 00:27:50 INFO  DispatchController:59 - DispatchController is called
2020-09-27 00:27:50 INFO  DispatchController:63 - button in dispatchController :null
2020-09-27 00:27:50 INFO  FirstTimeServlet:49 - FirstTimeServlet is called
2020-09-27 00:28:11 INFO  LoginFilter:131 - Logger here! btnAction at Filter :Login now!
2020-09-27 00:28:11 INFO  DispatchController:59 - DispatchController is called
2020-09-27 00:28:11 INFO  DispatchController:63 - button in dispatchController :Login now!
2020-09-27 00:28:11 INFO  LoginServlet:54 - LoginServlet is called
2020-09-27 00:31:07 INFO  LoginFilter:131 - Logger here! btnAction at Filter :null
2020-09-27 00:31:07 INFO  DispatchController:59 - DispatchController is called
2020-09-27 00:31:07 INFO  DispatchController:63 - button in dispatchController :null
2020-09-27 00:31:07 INFO  FirstTimeServlet:49 - FirstTimeServlet is called
2020-09-27 00:31:20 INFO  LoginFilter:131 - Logger here! btnAction at Filter :Login now!
2020-09-27 00:31:20 INFO  DispatchController:59 - DispatchController is called
2020-09-27 00:31:20 INFO  DispatchController:63 - button in dispatchController :Login now!
2020-09-27 00:31:20 INFO  LoginServlet:55 - LoginServlet is called
2020-09-27 00:31:20 INFO  CodeHandlerServlet:42 - CodeHandlerServlet is called
2020-09-27 00:31:50 INFO  LoginFilter:131 - Logger here! btnAction at Filter :Check code
2020-09-27 00:31:50 INFO  DispatchController:59 - DispatchController is called
2020-09-27 00:31:50 INFO  DispatchController:63 - button in dispatchController :Check code
2020-09-27 00:31:50 INFO  VerifyServlet:48 - VerifyServlet is called
2020-09-27 00:32:30 INFO  LoginFilter:131 - Logger here! btnAction at Filter :null
2020-09-27 00:32:30 INFO  DispatchController:59 - DispatchController is called
2020-09-27 00:32:30 INFO  DispatchController:63 - button in dispatchController :null
2020-09-27 00:32:30 INFO  FirstTimeServlet:49 - FirstTimeServlet is called
2020-09-27 00:32:37 INFO  LoginFilter:131 - Logger here! btnAction at Filter :Login now!
2020-09-27 00:32:37 INFO  DispatchController:59 - DispatchController is called
2020-09-27 00:32:37 INFO  DispatchController:63 - button in dispatchController :Login now!
2020-09-27 00:32:37 INFO  LoginServlet:55 - LoginServlet is called
2020-09-27 00:32:37 INFO  CodeHandlerServlet:42 - CodeHandlerServlet is called
2020-09-27 00:33:09 INFO  LoginFilter:131 - Logger here! btnAction at Filter :Check code
2020-09-27 00:33:09 INFO  DispatchController:59 - DispatchController is called
2020-09-27 00:33:09 INFO  DispatchController:63 - button in dispatchController :Check code
2020-09-27 00:33:09 INFO  VerifyServlet:48 - VerifyServlet is called
2020-09-27 00:33:32 INFO  LoginFilter:131 - Logger here! btnAction at Filter :Check code
2020-09-27 00:33:32 INFO  DispatchController:59 - DispatchController is called
2020-09-27 00:33:32 INFO  DispatchController:63 - button in dispatchController :Check code
2020-09-27 00:33:32 INFO  VerifyServlet:48 - VerifyServlet is called
2020-09-27 00:33:42 INFO  LoginFilter:131 - Logger here! btnAction at Filter :Check code
2020-09-27 00:33:42 INFO  DispatchController:59 - DispatchController is called
2020-09-27 00:33:42 INFO  DispatchController:63 - button in dispatchController :Check code
2020-09-27 00:33:42 INFO  VerifyServlet:48 - VerifyServlet is called
2020-09-27 00:33:52 INFO  LoginFilter:131 - Logger here! btnAction at Filter :Check code
2020-09-27 00:33:52 INFO  DispatchController:59 - DispatchController is called
2020-09-27 00:33:52 INFO  DispatchController:63 - button in dispatchController :Check code
2020-09-27 00:33:52 INFO  VerifyServlet:48 - VerifyServlet is called
2020-09-27 00:33:56 INFO  LoginFilter:131 - Logger here! btnAction at Filter :Log out
2020-09-27 00:33:56 INFO  DispatchController:59 - DispatchController is called
2020-09-27 00:33:56 INFO  DispatchController:63 - button in dispatchController :Log out
2020-09-27 00:33:56 INFO  LogoutServlet:45 - LogoutServlet is called
2020-09-27 00:34:52 INFO  LoginFilter:131 - Logger here! btnAction at Filter :null
2020-09-27 00:34:52 INFO  DispatchController:59 - DispatchController is called
2020-09-27 00:34:52 INFO  DispatchController:63 - button in dispatchController :null
2020-09-27 00:34:52 INFO  FirstTimeServlet:49 - FirstTimeServlet is called
2020-09-27 00:35:24 INFO  LoginFilter:131 - Logger here! btnAction at Filter :Login now!
2020-09-27 00:35:24 INFO  DispatchController:59 - DispatchController is called
2020-09-27 00:35:24 INFO  DispatchController:63 - button in dispatchController :Login now!
2020-09-27 00:35:24 INFO  LoginServlet:55 - LoginServlet is called
2020-09-27 00:35:24 INFO  CodeHandlerServlet:42 - CodeHandlerServlet is called
2020-09-27 10:23:02 INFO  LoginFilter:131 - Logger here! btnAction at Filter :null
2020-09-27 10:23:02 INFO  DispatchController:59 - DispatchController is called
2020-09-27 10:23:02 INFO  DispatchController:63 - button in dispatchController :null
2020-09-27 10:23:02 INFO  FirstTimeServlet:49 - FirstTimeServlet is called
2020-09-27 10:23:02 DEBUG FirstTimeServlet:82 - No cookies
2020-09-27 10:23:14 INFO  LoginFilter:131 - Logger here! btnAction at Filter :Login now!
2020-09-27 10:23:14 INFO  DispatchController:59 - DispatchController is called
2020-09-27 10:23:14 INFO  DispatchController:63 - button in dispatchController :Login now!
2020-09-27 10:23:14 INFO  LoginServlet:55 - LoginServlet is called
2020-09-27 10:23:15 INFO  GetMyPostsServlet:49 - GetMyPostsServlet is called
2020-09-27 10:23:20 INFO  LoginFilter:131 - Logger here! btnAction at Filter :View Post
2020-09-27 10:23:20 INFO  DispatchController:59 - DispatchController is called
2020-09-27 10:23:20 INFO  DispatchController:63 - button in dispatchController :View Post
2020-09-27 10:23:20 INFO  ViewPostServlet:47 - ViewPostServlet is called
2020-09-27 10:23:20 INFO  GetCommentServlet:46 - GetCommentServlet is called
2020-09-27 10:23:20 INFO  GetEmotionServlet:47 - GetEmotionServlet is called
2020-09-27 10:23:30 INFO  LoginFilter:131 - Logger here! btnAction at Filter :Delete this comment
2020-09-27 10:23:30 INFO  DispatchController:59 - DispatchController is called
2020-09-27 10:23:30 INFO  DispatchController:63 - button in dispatchController :Delete this comment
2020-09-27 10:23:30 INFO  DeleteCommentServlet:41 - DeleteCommentServlet is called
2020-09-27 10:23:32 INFO  LoginFilter:131 - Logger here! btnAction at Filter :Delete this comment
2020-09-27 10:23:32 INFO  DispatchController:59 - DispatchController is called
2020-09-27 10:23:32 INFO  DispatchController:63 - button in dispatchController :Delete this comment
2020-09-27 10:23:32 INFO  DeleteCommentServlet:41 - DeleteCommentServlet is called
2020-09-27 10:23:34 INFO  LoginFilter:131 - Logger here! btnAction at Filter :Delete this comment
2020-09-27 10:23:34 INFO  DispatchController:59 - DispatchController is called
2020-09-27 10:23:34 INFO  DispatchController:63 - button in dispatchController :Delete this comment
2020-09-27 10:23:34 INFO  DeleteCommentServlet:41 - DeleteCommentServlet is called
2020-09-27 10:23:36 INFO  LoginFilter:131 - Logger here! btnAction at Filter :Get my post
2020-09-27 10:23:36 INFO  DispatchController:59 - DispatchController is called
2020-09-27 10:23:36 INFO  DispatchController:63 - button in dispatchController :Get my post
2020-09-27 10:23:36 INFO  GetMyPostsServlet:49 - GetMyPostsServlet is called
2020-09-27 10:23:37 INFO  LoginFilter:131 - Logger here! btnAction at Filter :View Post
2020-09-27 10:23:37 INFO  DispatchController:59 - DispatchController is called
2020-09-27 10:23:37 INFO  DispatchController:63 - button in dispatchController :View Post
2020-09-27 10:23:37 INFO  ViewPostServlet:47 - ViewPostServlet is called
2020-09-27 10:23:37 INFO  GetCommentServlet:46 - GetCommentServlet is called
2020-09-27 10:23:37 INFO  GetEmotionServlet:47 - GetEmotionServlet is called
2020-09-27 10:23:44 INFO  LoginFilter:131 - Logger here! btnAction at Filter :View Notification
2020-09-27 10:23:44 INFO  DispatchController:59 - DispatchController is called
2020-09-27 10:23:44 INFO  DispatchController:63 - button in dispatchController :View Notification
2020-09-27 10:23:44 INFO  ShowNotificationServlet:46 - ShowNotificationServlet is called
2020-09-27 10:23:50 INFO  LoginFilter:131 - Logger here! btnAction at Filter :View Post
2020-09-27 10:23:50 INFO  DispatchController:59 - DispatchController is called
2020-09-27 10:23:50 INFO  DispatchController:63 - button in dispatchController :View Post
2020-09-27 10:23:50 INFO  ViewPostServlet:47 - ViewPostServlet is called
2020-09-27 10:23:50 INFO  GetCommentServlet:46 - GetCommentServlet is called
2020-09-27 10:23:50 INFO  GetEmotionServlet:47 - GetEmotionServlet is called
2020-09-27 10:23:54 INFO  LoginFilter:131 - Logger here! btnAction at Filter :Get my post
2020-09-27 10:23:54 INFO  DispatchController:59 - DispatchController is called
2020-09-27 10:23:54 INFO  DispatchController:63 - button in dispatchController :Get my post
2020-09-27 10:23:54 INFO  GetMyPostsServlet:49 - GetMyPostsServlet is called
2020-09-27 10:24:08 INFO  LoginFilter:131 - Logger here! btnAction at Filter :View Post
2020-09-27 10:24:08 INFO  DispatchController:59 - DispatchController is called
2020-09-27 10:24:08 INFO  DispatchController:63 - button in dispatchController :View Post
2020-09-27 10:24:08 INFO  ViewPostServlet:47 - ViewPostServlet is called
2020-09-27 10:24:08 INFO  GetCommentServlet:46 - GetCommentServlet is called
2020-09-27 10:24:08 INFO  GetEmotionServlet:47 - GetEmotionServlet is called
2020-09-27 10:24:12 INFO  LoginFilter:131 - Logger here! btnAction at Filter :Send Emotion
2020-09-27 10:24:12 INFO  DispatchController:59 - DispatchController is called
2020-09-27 10:24:12 INFO  DispatchController:63 - button in dispatchController :Send Emotion
2020-09-27 10:24:12 INFO  CreateEmotionServlet:45 - CreateEmotionServlet is called
2020-09-27 10:24:12 DEBUG CreateEmotionServlet:61 - emotionType :like/mmm
2020-09-27 10:24:16 INFO  LoginFilter:131 - Logger here! btnAction at Filter :Get my post
2020-09-27 10:24:16 INFO  DispatchController:59 - DispatchController is called
2020-09-27 10:24:16 INFO  DispatchController:63 - button in dispatchController :Get my post
2020-09-27 10:24:16 INFO  GetMyPostsServlet:49 - GetMyPostsServlet is called
2020-09-27 10:24:18 INFO  LoginFilter:131 - Logger here! btnAction at Filter :View Post
2020-09-27 10:24:18 INFO  DispatchController:59 - DispatchController is called
2020-09-27 10:24:18 INFO  DispatchController:63 - button in dispatchController :View Post
2020-09-27 10:24:18 INFO  ViewPostServlet:47 - ViewPostServlet is called
2020-09-27 10:24:18 INFO  GetCommentServlet:46 - GetCommentServlet is called
2020-09-27 10:24:18 INFO  GetEmotionServlet:47 - GetEmotionServlet is called
2020-09-27 10:24:22 INFO  LoginFilter:131 - Logger here! btnAction at Filter :Get my post
2020-09-27 10:24:22 INFO  DispatchController:59 - DispatchController is called
2020-09-27 10:24:22 INFO  DispatchController:63 - button in dispatchController :Get my post
2020-09-27 10:24:22 INFO  GetMyPostsServlet:49 - GetMyPostsServlet is called
2020-09-27 10:24:24 INFO  LoginFilter:131 - Logger here! btnAction at Filter :View Post
2020-09-27 10:24:24 INFO  DispatchController:59 - DispatchController is called
2020-09-27 10:24:24 INFO  DispatchController:63 - button in dispatchController :View Post
2020-09-27 10:24:24 INFO  ViewPostServlet:47 - ViewPostServlet is called
2020-09-27 10:24:24 INFO  GetCommentServlet:46 - GetCommentServlet is called
2020-09-27 10:24:24 INFO  GetEmotionServlet:47 - GetEmotionServlet is called
2020-09-27 10:24:27 INFO  LoginFilter:131 - Logger here! btnAction at Filter :Get my post
2020-09-27 10:24:27 INFO  DispatchController:59 - DispatchController is called
2020-09-27 10:24:27 INFO  DispatchController:63 - button in dispatchController :Get my post
2020-09-27 10:24:27 INFO  GetMyPostsServlet:49 - GetMyPostsServlet is called
2020-09-27 10:28:05 INFO  LoginFilter:131 - Logger here! btnAction at Filter :Save new post
2020-09-27 10:28:05 INFO  DispatchController:59 - DispatchController is called
2020-09-27 10:28:05 INFO  DispatchController:63 - button in dispatchController :Save new post
2020-09-27 10:28:05 INFO  CreateArticleServlet:53 - CreateArticleServlet is called
2020-09-27 10:28:05 INFO  CreateArticleServlet:117 - User created post successfully
2020-09-27 10:28:05 INFO  LoginFilter:131 - Logger here! btnAction at Filter :Get my post
2020-09-27 10:28:05 INFO  DispatchController:59 - DispatchController is called
2020-09-27 10:28:05 INFO  DispatchController:63 - button in dispatchController :Get my post
2020-09-27 10:28:05 INFO  GetMyPostsServlet:49 - GetMyPostsServlet is called
2020-09-27 10:28:07 INFO  LoginFilter:131 - Logger here! btnAction at Filter :View Post
2020-09-27 10:28:07 INFO  DispatchController:59 - DispatchController is called
2020-09-27 10:28:07 INFO  DispatchController:63 - button in dispatchController :View Post
2020-09-27 10:28:07 INFO  ViewPostServlet:47 - ViewPostServlet is called
2020-09-27 10:28:07 INFO  GetCommentServlet:46 - GetCommentServlet is called
2020-09-27 10:28:07 INFO  GetEmotionServlet:47 - GetEmotionServlet is called
2020-09-27 10:28:49 INFO  LoginFilter:131 - Logger here! btnAction at Filter :Send Emotion
2020-09-27 10:28:49 INFO  DispatchController:59 - DispatchController is called
2020-09-27 10:28:49 INFO  DispatchController:63 - button in dispatchController :Send Emotion
2020-09-27 10:28:49 INFO  CreateEmotionServlet:45 - CreateEmotionServlet is called
2020-09-27 10:28:49 DEBUG CreateEmotionServlet:61 - emotionType :like/mmm
2020-09-27 10:28:55 INFO  LoginFilter:131 - Logger here! btnAction at Filter :Create Comment
2020-09-27 10:28:55 INFO  DispatchController:59 - DispatchController is called
2020-09-27 10:28:55 INFO  DispatchController:63 - button in dispatchController :Create Comment
2020-09-27 10:28:55 INFO  CreateCommentServlet:51 - CreateCommentServlet is called
2020-09-27 10:29:00 INFO  LoginFilter:131 - Logger here! btnAction at Filter :Log out
2020-09-27 10:29:00 INFO  DispatchController:59 - DispatchController is called
2020-09-27 10:29:00 INFO  DispatchController:63 - button in dispatchController :Log out
2020-09-27 10:29:00 INFO  LogoutServlet:45 - LogoutServlet is called
2020-09-27 10:29:13 INFO  LoginFilter:131 - Logger here! btnAction at Filter :Login now!
2020-09-27 10:29:13 INFO  DispatchController:59 - DispatchController is called
2020-09-27 10:29:13 INFO  DispatchController:63 - button in dispatchController :Login now!
2020-09-27 10:29:13 INFO  LoginServlet:55 - LoginServlet is called
2020-09-27 10:29:22 INFO  LoginFilter:131 - Logger here! btnAction at Filter :Login now!
2020-09-27 10:29:22 INFO  DispatchController:59 - DispatchController is called
2020-09-27 10:29:22 INFO  DispatchController:63 - button in dispatchController :Login now!
2020-09-27 10:29:22 INFO  LoginServlet:55 - LoginServlet is called
2020-09-27 10:29:22 INFO  GetMyPostsServlet:49 - GetMyPostsServlet is called
2020-09-27 10:29:25 INFO  LoginFilter:131 - Logger here! btnAction at Filter :Search Now!
2020-09-27 10:29:25 INFO  DispatchController:59 - DispatchController is called
2020-09-27 10:29:25 INFO  DispatchController:63 - button in dispatchController :Search Now!
2020-09-27 10:29:25 INFO  SearchServlet:47 - SearchServlet is called
2020-09-27 10:29:25 DEBUG SearchServlet:56 - Search Value : n
2020-09-27 10:29:29 INFO  LoginFilter:131 - Logger here! btnAction at Filter :View Post
2020-09-27 10:29:29 INFO  DispatchController:59 - DispatchController is called
2020-09-27 10:29:29 INFO  DispatchController:63 - button in dispatchController :View Post
2020-09-27 10:29:29 INFO  ViewPostServlet:47 - ViewPostServlet is called
2020-09-27 10:29:29 INFO  GetCommentServlet:46 - GetCommentServlet is called
2020-09-27 10:29:29 INFO  GetEmotionServlet:47 - GetEmotionServlet is called
2020-09-27 10:29:46 INFO  LoginFilter:131 - Logger here! btnAction at Filter :Create Comment
2020-09-27 10:29:46 INFO  DispatchController:59 - DispatchController is called
2020-09-27 10:29:46 INFO  DispatchController:63 - button in dispatchController :Create Comment
2020-09-27 10:29:46 INFO  CreateCommentServlet:51 - CreateCommentServlet is called
2020-09-27 10:29:46 DEBUG CreateCommentServlet:89 - Create notification OK
2020-09-27 10:29:48 INFO  LoginFilter:131 - Logger here! btnAction at Filter :Send Emotion
2020-09-27 10:29:48 INFO  DispatchController:59 - DispatchController is called
2020-09-27 10:29:48 INFO  DispatchController:63 - button in dispatchController :Send Emotion
2020-09-27 10:29:48 INFO  CreateEmotionServlet:45 - CreateEmotionServlet is called
2020-09-27 10:29:48 DEBUG CreateEmotionServlet:61 - emotionType :like/mmm
2020-09-27 10:29:54 INFO  LoginFilter:131 - Logger here! btnAction at Filter :null
2020-09-27 10:29:54 INFO  DispatchController:59 - DispatchController is called
2020-09-27 10:29:54 INFO  DispatchController:63 - button in dispatchController :null
2020-09-27 10:29:54 INFO  FirstTimeServlet:49 - FirstTimeServlet is called
2020-09-27 10:30:01 INFO  LoginFilter:131 - Logger here! btnAction at Filter :Login now!
2020-09-27 10:30:01 INFO  DispatchController:59 - DispatchController is called
2020-09-27 10:30:01 INFO  DispatchController:63 - button in dispatchController :Login now!
2020-09-27 10:30:01 INFO  LoginServlet:55 - LoginServlet is called
2020-09-27 10:30:01 INFO  GetMyPostsServlet:49 - GetMyPostsServlet is called
2020-09-27 10:30:03 INFO  LoginFilter:131 - Logger here! btnAction at Filter :View Notification
2020-09-27 10:30:03 INFO  DispatchController:59 - DispatchController is called
2020-09-27 10:30:03 INFO  DispatchController:63 - button in dispatchController :View Notification
2020-09-27 10:30:03 INFO  ShowNotificationServlet:46 - ShowNotificationServlet is called
2020-09-27 10:30:07 INFO  LoginFilter:131 - Logger here! btnAction at Filter :View Post
2020-09-27 10:30:07 INFO  DispatchController:59 - DispatchController is called
2020-09-27 10:30:07 INFO  DispatchController:63 - button in dispatchController :View Post
2020-09-27 10:30:07 INFO  ViewPostServlet:47 - ViewPostServlet is called
2020-09-27 10:30:07 INFO  GetCommentServlet:46 - GetCommentServlet is called
2020-09-27 10:30:07 INFO  GetEmotionServlet:47 - GetEmotionServlet is called
2020-09-27 10:30:17 INFO  LoginFilter:131 - Logger here! btnAction at Filter :Create Comment
2020-09-27 10:30:17 INFO  DispatchController:59 - DispatchController is called
2020-09-27 10:30:17 INFO  DispatchController:63 - button in dispatchController :Create Comment
2020-09-27 10:30:17 INFO  CreateCommentServlet:51 - CreateCommentServlet is called
2020-09-27 10:30:22 INFO  LoginFilter:131 - Logger here! btnAction at Filter :Get my post
2020-09-27 10:30:22 INFO  DispatchController:59 - DispatchController is called
2020-09-27 10:30:22 INFO  DispatchController:63 - button in dispatchController :Get my post
2020-09-27 10:30:22 INFO  GetMyPostsServlet:49 - GetMyPostsServlet is called
2020-09-27 10:30:26 INFO  LoginFilter:131 - Logger here! btnAction at Filter :Search Now!
2020-09-27 10:30:26 INFO  DispatchController:59 - DispatchController is called
2020-09-27 10:30:26 INFO  DispatchController:63 - button in dispatchController :Search Now!
2020-09-27 10:30:26 INFO  SearchServlet:47 - SearchServlet is called
2020-09-27 10:30:26 DEBUG SearchServlet:56 - Search Value : n
2020-09-27 10:30:27 INFO  LoginFilter:131 - Logger here! btnAction at Filter :View Post
2020-09-27 10:30:27 INFO  DispatchController:59 - DispatchController is called
2020-09-27 10:30:27 INFO  DispatchController:63 - button in dispatchController :View Post
2020-09-27 10:30:27 INFO  ViewPostServlet:47 - ViewPostServlet is called
2020-09-27 10:30:27 INFO  GetCommentServlet:46 - GetCommentServlet is called
2020-09-27 10:30:27 INFO  GetEmotionServlet:47 - GetEmotionServlet is called
2020-09-27 10:30:32 INFO  LoginFilter:131 - Logger here! btnAction at Filter :Create Comment
2020-09-27 10:30:32 INFO  DispatchController:59 - DispatchController is called
2020-09-27 10:30:32 INFO  DispatchController:63 - button in dispatchController :Create Comment
2020-09-27 10:30:32 INFO  CreateCommentServlet:51 - CreateCommentServlet is called
2020-09-27 10:30:32 DEBUG CreateCommentServlet:89 - Create notification OK
2020-09-27 10:30:36 INFO  LoginFilter:131 - Logger here! btnAction at Filter :View Notification
2020-09-27 10:30:36 INFO  DispatchController:59 - DispatchController is called
2020-09-27 10:30:36 INFO  DispatchController:63 - button in dispatchController :View Notification
2020-09-27 10:30:36 INFO  ShowNotificationServlet:46 - ShowNotificationServlet is called
2020-09-27 10:30:38 INFO  LoginFilter:131 - Logger here! btnAction at Filter :View Post
2020-09-27 10:30:38 INFO  DispatchController:59 - DispatchController is called
2020-09-27 10:30:38 INFO  DispatchController:63 - button in dispatchController :View Post
2020-09-27 10:30:38 INFO  ViewPostServlet:47 - ViewPostServlet is called
2020-09-27 10:30:38 INFO  GetCommentServlet:46 - GetCommentServlet is called
2020-09-27 10:30:38 INFO  GetEmotionServlet:47 - GetEmotionServlet is called
2020-09-27 10:31:16 INFO  LoginFilter:131 - Logger here! btnAction at Filter :Get my post
2020-09-27 10:31:16 INFO  DispatchController:59 - DispatchController is called
2020-09-27 10:31:16 INFO  DispatchController:63 - button in dispatchController :Get my post
2020-09-27 10:31:16 INFO  GetMyPostsServlet:49 - GetMyPostsServlet is called
2020-09-27 10:42:04 INFO  LoginFilter:131 - Logger here! btnAction at Filter :Get my post
2020-09-27 10:42:04 INFO  DispatchController:59 - DispatchController is called
2020-09-27 10:42:04 INFO  DispatchController:63 - button in dispatchController :Get my post
2020-09-27 10:42:04 INFO  GetMyPostsServlet:49 - GetMyPostsServlet is called
2020-09-27 10:42:44 INFO  LoginFilter:131 - Logger here! btnAction at Filter :Get my post
2020-09-27 10:42:44 INFO  DispatchController:59 - DispatchController is called
2020-09-27 10:42:44 INFO  DispatchController:63 - button in dispatchController :Get my post
2020-09-27 10:42:44 INFO  GetMyPostsServlet:49 - GetMyPostsServlet is called
2020-09-27 10:57:33 INFO  LoginFilter:131 - Logger here! btnAction at Filter :Search Now!
2020-09-27 10:57:33 INFO  DispatchController:59 - DispatchController is called
2020-09-27 10:57:33 INFO  DispatchController:63 - button in dispatchController :Search Now!
2020-09-27 10:57:33 INFO  SearchServlet:47 - SearchServlet is called
2020-09-27 10:57:33 DEBUG SearchServlet:56 - Search Value : k
2020-09-27 10:57:35 INFO  LoginFilter:131 - Logger here! btnAction at Filter :View Post
2020-09-27 10:57:35 INFO  DispatchController:59 - DispatchController is called
2020-09-27 10:57:35 INFO  DispatchController:63 - button in dispatchController :View Post
2020-09-27 10:57:35 INFO  ViewPostServlet:47 - ViewPostServlet is called
2020-09-27 10:57:35 INFO  GetCommentServlet:46 - GetCommentServlet is called
2020-09-27 10:57:35 INFO  GetEmotionServlet:47 - GetEmotionServlet is called
2020-09-27 10:57:40 INFO  LoginFilter:131 - Logger here! btnAction at Filter :Send Emotion
2020-09-27 10:57:40 INFO  DispatchController:59 - DispatchController is called
2020-09-27 10:57:40 INFO  DispatchController:63 - button in dispatchController :Send Emotion
2020-09-27 10:57:40 INFO  CreateEmotionServlet:45 - CreateEmotionServlet is called
2020-09-27 10:57:40 DEBUG CreateEmotionServlet:61 - emotionType :like/mmm
2020-09-27 10:57:44 INFO  LoginFilter:131 - Logger here! btnAction at Filter :View Notification
2020-09-27 10:57:44 INFO  DispatchController:59 - DispatchController is called
2020-09-27 10:57:44 INFO  DispatchController:63 - button in dispatchController :View Notification
2020-09-27 10:57:44 INFO  ShowNotificationServlet:46 - ShowNotificationServlet is called
2020-09-27 10:57:47 INFO  LoginFilter:131 - Logger here! btnAction at Filter :View Post
2020-09-27 10:57:47 INFO  DispatchController:59 - DispatchController is called
2020-09-27 10:57:47 INFO  DispatchController:63 - button in dispatchController :View Post
2020-09-27 10:57:47 INFO  ViewPostServlet:47 - ViewPostServlet is called
2020-09-27 10:57:47 INFO  GetCommentServlet:46 - GetCommentServlet is called
2020-09-27 10:57:47 INFO  GetEmotionServlet:47 - GetEmotionServlet is called
2020-09-27 10:57:52 INFO  LoginFilter:131 - Logger here! btnAction at Filter :Get my post
2020-09-27 10:57:52 INFO  DispatchController:59 - DispatchController is called
2020-09-27 10:57:52 INFO  DispatchController:63 - button in dispatchController :Get my post
2020-09-27 10:57:52 INFO  GetMyPostsServlet:49 - GetMyPostsServlet is called
