2020-09-25 15:42:11 INFO  LoginFilter:131 - Logger here! btnAction at Filter :null
2020-09-25 15:42:11 INFO  DispatchController:57 - DispatchController is called
2020-09-25 15:42:11 INFO  DispatchController:61 - button in dispatchController :null
2020-09-25 15:42:11 INFO  FirstTimeServlet:49 - FirstTimeServlet is called
2020-09-25 15:42:21 INFO  LoginFilter:131 - Logger here! btnAction at Filter :Login now!
2020-09-25 15:42:21 INFO  DispatchController:57 - DispatchController is called
2020-09-25 15:42:21 INFO  DispatchController:61 - button in dispatchController :Login now!
2020-09-25 15:42:21 INFO  LoginServlet:53 - LoginServlet is called
2020-09-25 15:42:22 INFO  GetMyPostsServlet:49 - GetMyPostsServlet is called
2020-09-25 15:42:36 INFO  LoginFilter:131 - Logger here! btnAction at Filter :View Post
2020-09-25 15:42:36 INFO  DispatchController:57 - DispatchController is called
2020-09-25 15:42:36 INFO  DispatchController:61 - button in dispatchController :View Post
2020-09-25 15:42:36 INFO  ViewPostServlet:47 - ViewPostServlet is called
2020-09-25 15:42:36 INFO  GetCommentServlet:46 - GetCommentServlet is called
2020-09-25 15:42:36 INFO  GetEmotionServlet:46 - GetEmotionServlet is called
2020-09-25 15:42:53 INFO  LoginFilter:131 - Logger here! btnAction at Filter :Get my post
2020-09-25 15:42:53 INFO  DispatchController:57 - DispatchController is called
2020-09-25 15:42:53 INFO  DispatchController:61 - button in dispatchController :Get my post
2020-09-25 15:42:53 INFO  GetMyPostsServlet:49 - GetMyPostsServlet is called
2020-09-25 15:52:30 INFO  LoginFilter:131 - Logger here! btnAction at Filter :null
2020-09-25 15:52:30 INFO  DispatchController:57 - DispatchController is called
2020-09-25 15:52:30 INFO  DispatchController:61 - button in dispatchController :null
2020-09-25 15:52:30 INFO  FirstTimeServlet:49 - FirstTimeServlet is called
2020-09-25 15:52:39 INFO  LoginFilter:131 - Logger here! btnAction at Filter :Login now!
2020-09-25 15:52:39 INFO  DispatchController:57 - DispatchController is called
2020-09-25 15:52:39 INFO  DispatchController:61 - button in dispatchController :Login now!
2020-09-25 15:52:39 INFO  LoginServlet:53 - LoginServlet is called
2020-09-25 15:52:39 INFO  GetMyPostsServlet:49 - GetMyPostsServlet is called
2020-09-25 15:52:42 INFO  LoginFilter:131 - Logger here! btnAction at Filter :View Post
2020-09-25 15:52:42 INFO  DispatchController:57 - DispatchController is called
2020-09-25 15:52:42 INFO  DispatchController:61 - button in dispatchController :View Post
2020-09-25 15:52:42 INFO  ViewPostServlet:47 - ViewPostServlet is called
2020-09-25 15:52:42 INFO  GetCommentServlet:46 - GetCommentServlet is called
2020-09-25 15:52:42 INFO  GetEmotionServlet:46 - GetEmotionServlet is called
2020-09-25 15:52:56 INFO  LoginFilter:131 - Logger here! btnAction at Filter :View Post
2020-09-25 15:52:56 INFO  DispatchController:57 - DispatchController is called
2020-09-25 15:52:56 INFO  DispatchController:61 - button in dispatchController :View Post
2020-09-25 15:52:56 INFO  ViewPostServlet:47 - ViewPostServlet is called
2020-09-25 15:52:56 INFO  GetCommentServlet:46 - GetCommentServlet is called
2020-09-25 15:52:56 INFO  GetEmotionServlet:46 - GetEmotionServlet is called
2020-09-25 16:02:20 INFO  LoginFilter:131 - Logger here! btnAction at Filter :View Post
2020-09-25 16:02:20 INFO  DispatchController:57 - DispatchController is called
2020-09-25 16:02:20 INFO  DispatchController:61 - button in dispatchController :View Post
2020-09-25 16:02:20 INFO  ViewPostServlet:47 - ViewPostServlet is called
2020-09-25 16:02:20 INFO  GetCommentServlet:46 - GetCommentServlet is called
2020-09-25 16:02:20 INFO  GetEmotionServlet:46 - GetEmotionServlet is called
2020-09-25 16:02:22 INFO  LoginFilter:131 - Logger here! btnAction at Filter :View Notification
2020-09-25 16:02:22 INFO  DispatchController:57 - DispatchController is called
2020-09-25 16:02:22 INFO  DispatchController:61 - button in dispatchController :View Notification
2020-09-25 16:03:13 INFO  LoginFilter:131 - Logger here! btnAction at Filter :null
2020-09-25 16:03:13 INFO  DispatchController:58 - DispatchController is called
2020-09-25 16:03:13 INFO  DispatchController:62 - button in dispatchController :null
2020-09-25 16:03:13 INFO  FirstTimeServlet:49 - FirstTimeServlet is called
2020-09-25 16:03:20 INFO  LoginFilter:131 - Logger here! btnAction at Filter :Login now!
2020-09-25 16:03:20 INFO  DispatchController:58 - DispatchController is called
2020-09-25 16:03:20 INFO  DispatchController:62 - button in dispatchController :Login now!
2020-09-25 16:03:20 INFO  LoginServlet:53 - LoginServlet is called
2020-09-25 16:03:20 INFO  GetMyPostsServlet:49 - GetMyPostsServlet is called
2020-09-25 16:03:32 INFO  LoginFilter:131 - Logger here! btnAction at Filter :null
2020-09-25 16:03:32 INFO  DispatchController:58 - DispatchController is called
2020-09-25 16:03:32 INFO  DispatchController:62 - button in dispatchController :null
2020-09-25 16:03:32 INFO  FirstTimeServlet:49 - FirstTimeServlet is called
2020-09-25 16:03:32 INFO  FirstTimeServlet:73 - FirstTime - Has User
2020-09-25 16:03:32 INFO  GetMyPostsServlet:49 - GetMyPostsServlet is called
2020-09-25 16:03:41 INFO  LoginFilter:131 - Logger here! btnAction at Filter :View Notification
2020-09-25 16:03:41 INFO  DispatchController:58 - DispatchController is called
2020-09-25 16:03:41 INFO  DispatchController:62 - button in dispatchController :View Notification
2020-09-25 16:03:41 INFO  ShowNotificationServlet:46 - ShowNotificationServlet is called
2020-09-25 16:03:41 ERROR ShowNotificationServlet:64 - ShowNotificationServlet_SQL : Must declare the scalar variable "@P0order".
2020-09-25 16:03:43 INFO  LoginFilter:131 - Logger here! btnAction at Filter :null
2020-09-25 16:03:43 INFO  DispatchController:58 - DispatchController is called
2020-09-25 16:03:43 INFO  DispatchController:62 - button in dispatchController :null
2020-09-25 16:03:43 INFO  FirstTimeServlet:49 - FirstTimeServlet is called
2020-09-25 16:03:51 INFO  LoginFilter:131 - Logger here! btnAction at Filter :Login now!
2020-09-25 16:03:51 INFO  DispatchController:58 - DispatchController is called
2020-09-25 16:03:51 INFO  DispatchController:62 - button in dispatchController :Login now!
2020-09-25 16:03:51 INFO  LoginServlet:53 - LoginServlet is called
2020-09-25 16:03:51 INFO  GetMyPostsServlet:49 - GetMyPostsServlet is called
2020-09-25 16:03:53 INFO  LoginFilter:131 - Logger here! btnAction at Filter :View Notification
2020-09-25 16:03:53 INFO  DispatchController:58 - DispatchController is called
2020-09-25 16:03:53 INFO  DispatchController:62 - button in dispatchController :View Notification
2020-09-25 16:03:53 INFO  ShowNotificationServlet:46 - ShowNotificationServlet is called
2020-09-25 16:03:53 ERROR ShowNotificationServlet:64 - ShowNotificationServlet_SQL : Must declare the scalar variable "@P0order".
2020-09-25 16:07:10 INFO  LoginFilter:131 - Logger here! btnAction at Filter :null
2020-09-25 16:07:10 INFO  DispatchController:58 - DispatchController is called
2020-09-25 16:07:10 INFO  DispatchController:62 - button in dispatchController :null
2020-09-25 16:07:10 INFO  FirstTimeServlet:49 - FirstTimeServlet is called
2020-09-25 16:07:10 INFO  FirstTimeServlet:73 - FirstTime - Has User
2020-09-25 16:07:10 INFO  GetMyPostsServlet:49 - GetMyPostsServlet is called
2020-09-25 16:07:13 INFO  LoginFilter:131 - Logger here! btnAction at Filter :View Notification
2020-09-25 16:07:13 INFO  DispatchController:58 - DispatchController is called
2020-09-25 16:07:13 INFO  DispatchController:62 - button in dispatchController :View Notification
2020-09-25 16:07:13 INFO  ShowNotificationServlet:46 - ShowNotificationServlet is called
2020-09-25 16:07:17 INFO  LoginFilter:131 - Logger here! btnAction at Filter :Get my post
2020-09-25 16:07:17 INFO  DispatchController:58 - DispatchController is called
2020-09-25 16:07:17 INFO  DispatchController:62 - button in dispatchController :Get my post
2020-09-25 16:07:17 INFO  GetMyPostsServlet:49 - GetMyPostsServlet is called
2020-09-25 16:09:43 INFO  LoginFilter:131 - Logger here! btnAction at Filter :Get my post
2020-09-25 16:09:43 INFO  DispatchController:58 - DispatchController is called
2020-09-25 16:09:43 INFO  DispatchController:62 - button in dispatchController :Get my post
2020-09-25 16:09:43 INFO  GetMyPostsServlet:49 - GetMyPostsServlet is called
2020-09-25 16:09:43 INFO  LoginFilter:131 - Logger here! btnAction at Filter :View Notification
2020-09-25 16:09:43 INFO  DispatchController:58 - DispatchController is called
2020-09-25 16:09:43 INFO  DispatchController:62 - button in dispatchController :View Notification
2020-09-25 16:09:43 INFO  ShowNotificationServlet:46 - ShowNotificationServlet is called
2020-09-25 16:09:46 INFO  LoginFilter:131 - Logger here! btnAction at Filter :View Post
2020-09-25 16:09:46 INFO  DispatchController:58 - DispatchController is called
2020-09-25 16:09:46 INFO  DispatchController:62 - button in dispatchController :View Post
2020-09-25 16:09:46 INFO  ViewPostServlet:47 - ViewPostServlet is called
2020-09-25 16:09:46 INFO  GetCommentServlet:46 - GetCommentServlet is called
2020-09-25 16:09:46 INFO  GetEmotionServlet:46 - GetEmotionServlet is called
2020-09-25 16:09:51 INFO  LoginFilter:131 - Logger here! btnAction at Filter :View Notification
2020-09-25 16:09:51 INFO  DispatchController:58 - DispatchController is called
2020-09-25 16:09:51 INFO  DispatchController:62 - button in dispatchController :View Notification
2020-09-25 16:09:51 INFO  ShowNotificationServlet:46 - ShowNotificationServlet is called
2020-09-25 16:10:11 INFO  LoginFilter:131 - Logger here! btnAction at Filter :View Post
2020-09-25 16:10:11 INFO  DispatchController:58 - DispatchController is called
2020-09-25 16:10:11 INFO  DispatchController:62 - button in dispatchController :View Post
2020-09-25 16:10:11 INFO  ViewPostServlet:47 - ViewPostServlet is called
2020-09-25 16:10:11 INFO  GetCommentServlet:46 - GetCommentServlet is called
2020-09-25 16:10:11 INFO  GetEmotionServlet:46 - GetEmotionServlet is called
2020-09-25 16:10:15 INFO  LoginFilter:131 - Logger here! btnAction at Filter :View Notification
2020-09-25 16:10:15 INFO  DispatchController:58 - DispatchController is called
2020-09-25 16:10:15 INFO  DispatchController:62 - button in dispatchController :View Notification
2020-09-25 16:10:15 INFO  ShowNotificationServlet:46 - ShowNotificationServlet is called
2020-09-25 16:10:16 INFO  LoginFilter:131 - Logger here! btnAction at Filter :Get my post
2020-09-25 16:10:16 INFO  DispatchController:58 - DispatchController is called
2020-09-25 16:10:16 INFO  DispatchController:62 - button in dispatchController :Get my post
2020-09-25 16:10:16 INFO  GetMyPostsServlet:49 - GetMyPostsServlet is called
2020-09-25 16:10:19 INFO  LoginFilter:131 - Logger here! btnAction at Filter :View Notification
2020-09-25 16:10:19 INFO  DispatchController:58 - DispatchController is called
2020-09-25 16:10:19 INFO  DispatchController:62 - button in dispatchController :View Notification
2020-09-25 16:10:19 INFO  ShowNotificationServlet:46 - ShowNotificationServlet is called
2020-09-25 16:10:20 INFO  LoginFilter:131 - Logger here! btnAction at Filter :View Post
2020-09-25 16:10:20 INFO  DispatchController:58 - DispatchController is called
2020-09-25 16:10:20 INFO  DispatchController:62 - button in dispatchController :View Post
2020-09-25 16:10:20 INFO  ViewPostServlet:47 - ViewPostServlet is called
2020-09-25 16:10:20 INFO  GetCommentServlet:46 - GetCommentServlet is called
2020-09-25 16:10:20 INFO  GetEmotionServlet:46 - GetEmotionServlet is called
2020-09-25 16:10:23 INFO  LoginFilter:131 - Logger here! btnAction at Filter :Get my post
2020-09-25 16:10:23 INFO  DispatchController:58 - DispatchController is called
2020-09-25 16:10:23 INFO  DispatchController:62 - button in dispatchController :Get my post
2020-09-25 16:10:23 INFO  GetMyPostsServlet:49 - GetMyPostsServlet is called
2020-09-25 16:23:00 INFO  LoginFilter:131 - Logger here! btnAction at Filter :null
2020-09-25 16:23:00 INFO  DispatchController:58 - DispatchController is called
2020-09-25 16:23:00 INFO  DispatchController:62 - button in dispatchController :null
2020-09-25 16:23:00 INFO  FirstTimeServlet:49 - FirstTimeServlet is called
2020-09-25 16:23:06 INFO  LoginFilter:131 - Logger here! btnAction at Filter :null
2020-09-25 16:23:06 INFO  DispatchController:58 - DispatchController is called
2020-09-25 16:23:06 INFO  DispatchController:62 - button in dispatchController :null
2020-09-25 16:23:06 INFO  FirstTimeServlet:49 - FirstTimeServlet is called
2020-09-25 16:23:13 INFO  LoginFilter:131 - Logger here! btnAction at Filter :Login now!
2020-09-25 16:23:13 INFO  DispatchController:58 - DispatchController is called
2020-09-25 16:23:13 INFO  DispatchController:62 - button in dispatchController :Login now!
2020-09-25 16:23:13 INFO  LoginServlet:53 - LoginServlet is called
2020-09-25 16:23:13 INFO  GetMyPostsServlet:49 - GetMyPostsServlet is called
2020-09-25 16:23:19 INFO  LoginFilter:131 - Logger here! btnAction at Filter :Search Now!
2020-09-25 16:23:19 INFO  DispatchController:58 - DispatchController is called
2020-09-25 16:23:19 INFO  DispatchController:62 - button in dispatchController :Search Now!
2020-09-25 16:23:19 INFO  SearchServlet:47 - SearchServlet is called
2020-09-25 16:23:19 INFO  SearchServlet:56 - Search Value : c
2020-09-25 16:23:21 INFO  LoginFilter:131 - Logger here! btnAction at Filter :Search Now!
2020-09-25 16:23:21 INFO  DispatchController:58 - DispatchController is called
2020-09-25 16:23:21 INFO  DispatchController:62 - button in dispatchController :Search Now!
2020-09-25 16:23:21 INFO  SearchServlet:47 - SearchServlet is called
2020-09-25 16:23:21 INFO  SearchServlet:56 - Search Value : c
2020-09-25 16:23:23 INFO  LoginFilter:131 - Logger here! btnAction at Filter :View Post
2020-09-25 16:23:23 INFO  DispatchController:58 - DispatchController is called
2020-09-25 16:23:23 INFO  DispatchController:62 - button in dispatchController :View Post
2020-09-25 16:23:23 INFO  ViewPostServlet:47 - ViewPostServlet is called
2020-09-25 16:23:23 INFO  GetCommentServlet:46 - GetCommentServlet is called
2020-09-25 16:23:23 INFO  GetEmotionServlet:46 - GetEmotionServlet is called
2020-09-25 16:23:39 INFO  LoginFilter:131 - Logger here! btnAction at Filter :Create Comment
2020-09-25 16:23:39 INFO  DispatchController:58 - DispatchController is called
2020-09-25 16:23:39 INFO  DispatchController:62 - button in dispatchController :Create Comment
2020-09-25 16:23:39 INFO  CreateCommentServlet:50 - CreateCommentServlet is called
2020-09-25 16:23:39 ERROR CreateCommentServlet:90 - CreateCommentServlet_SQL : Cannot insert the value NULL into column 'Date', table 'SocialNetwork.dbo.tbl_Notification'; column does not allow nulls. INSERT fails.
2020-09-25 16:25:18 INFO  LoginFilter:131 - Logger here! btnAction at Filter :null
2020-09-25 16:25:18 INFO  DispatchController:58 - DispatchController is called
2020-09-25 16:25:18 INFO  DispatchController:62 - button in dispatchController :null
2020-09-25 16:25:18 INFO  FirstTimeServlet:49 - FirstTimeServlet is called
2020-09-25 16:25:18 INFO  FirstTimeServlet:73 - FirstTime - Has User
2020-09-25 16:25:18 INFO  GetMyPostsServlet:49 - GetMyPostsServlet is called
2020-09-25 16:25:21 INFO  LoginFilter:131 - Logger here! btnAction at Filter :Search Now!
2020-09-25 16:25:21 INFO  DispatchController:58 - DispatchController is called
2020-09-25 16:25:21 INFO  DispatchController:62 - button in dispatchController :Search Now!
2020-09-25 16:25:21 INFO  SearchServlet:47 - SearchServlet is called
2020-09-25 16:25:21 INFO  SearchServlet:56 - Search Value : c
2020-09-25 16:25:23 INFO  LoginFilter:131 - Logger here! btnAction at Filter :Search Now!
2020-09-25 16:25:23 INFO  DispatchController:58 - DispatchController is called
2020-09-25 16:25:23 INFO  DispatchController:62 - button in dispatchController :Search Now!
2020-09-25 16:25:23 INFO  SearchServlet:47 - SearchServlet is called
2020-09-25 16:25:23 INFO  SearchServlet:56 - Search Value : c
2020-09-25 16:25:24 INFO  LoginFilter:131 - Logger here! btnAction at Filter :View Post
2020-09-25 16:25:24 INFO  DispatchController:58 - DispatchController is called
2020-09-25 16:25:24 INFO  DispatchController:62 - button in dispatchController :View Post
2020-09-25 16:25:24 INFO  ViewPostServlet:47 - ViewPostServlet is called
2020-09-25 16:25:25 INFO  GetCommentServlet:46 - GetCommentServlet is called
2020-09-25 16:25:25 INFO  GetEmotionServlet:46 - GetEmotionServlet is called
2020-09-25 16:25:40 INFO  LoginFilter:131 - Logger here! btnAction at Filter :Create Comment
2020-09-25 16:25:40 INFO  DispatchController:58 - DispatchController is called
2020-09-25 16:25:40 INFO  DispatchController:62 - button in dispatchController :Create Comment
2020-09-25 16:25:40 INFO  CreateCommentServlet:50 - CreateCommentServlet is called
2020-09-25 16:26:10 INFO  LoginFilter:131 - Logger here! btnAction at Filter :null
2020-09-25 16:26:10 INFO  DispatchController:58 - DispatchController is called
2020-09-25 16:26:10 INFO  DispatchController:62 - button in dispatchController :null
2020-09-25 16:26:10 INFO  FirstTimeServlet:49 - FirstTimeServlet is called
2020-09-25 16:26:21 INFO  LoginFilter:131 - Logger here! btnAction at Filter :Login now!
2020-09-25 16:26:21 INFO  DispatchController:58 - DispatchController is called
2020-09-25 16:26:21 INFO  DispatchController:62 - button in dispatchController :Login now!
2020-09-25 16:26:21 INFO  LoginServlet:53 - LoginServlet is called
2020-09-25 16:26:21 INFO  GetMyPostsServlet:49 - GetMyPostsServlet is called
2020-09-25 16:26:23 INFO  LoginFilter:131 - Logger here! btnAction at Filter :View Notification
2020-09-25 16:26:23 INFO  DispatchController:58 - DispatchController is called
2020-09-25 16:26:23 INFO  DispatchController:62 - button in dispatchController :View Notification
2020-09-25 16:26:23 INFO  ShowNotificationServlet:46 - ShowNotificationServlet is called
2020-09-25 16:26:26 INFO  LoginFilter:131 - Logger here! btnAction at Filter :View Post
2020-09-25 16:26:26 INFO  DispatchController:58 - DispatchController is called
2020-09-25 16:26:26 INFO  DispatchController:62 - button in dispatchController :View Post
2020-09-25 16:26:26 INFO  ViewPostServlet:47 - ViewPostServlet is called
2020-09-25 16:26:26 INFO  GetCommentServlet:46 - GetCommentServlet is called
2020-09-25 16:26:26 INFO  GetEmotionServlet:46 - GetEmotionServlet is called
2020-09-25 16:26:50 INFO  LoginFilter:131 - Logger here! btnAction at Filter :View Notification
2020-09-25 16:26:50 INFO  DispatchController:58 - DispatchController is called
2020-09-25 16:26:50 INFO  DispatchController:62 - button in dispatchController :View Notification
2020-09-25 16:26:50 INFO  ShowNotificationServlet:46 - ShowNotificationServlet is called
2020-09-25 16:36:09 INFO  LoginFilter:131 - Logger here! btnAction at Filter :null
2020-09-25 16:36:09 INFO  DispatchController:58 - DispatchController is called
2020-09-25 16:36:09 INFO  DispatchController:62 - button in dispatchController :null
2020-09-25 16:36:09 INFO  FirstTimeServlet:49 - FirstTimeServlet is called
2020-09-25 16:36:09 INFO  FirstTimeServlet:73 - FirstTime - Has User
2020-09-25 16:36:09 INFO  GetMyPostsServlet:49 - GetMyPostsServlet is called
2020-09-25 16:36:17 INFO  LoginFilter:131 - Logger here! btnAction at Filter :View Notification
2020-09-25 16:36:17 INFO  DispatchController:58 - DispatchController is called
2020-09-25 16:36:17 INFO  DispatchController:62 - button in dispatchController :View Notification
2020-09-25 16:36:17 INFO  ShowNotificationServlet:46 - ShowNotificationServlet is called
2020-09-25 16:36:19 INFO  LoginFilter:131 - Logger here! btnAction at Filter :Get my post
2020-09-25 16:36:19 INFO  DispatchController:58 - DispatchController is called
2020-09-25 16:36:19 INFO  DispatchController:62 - button in dispatchController :Get my post
2020-09-25 16:36:19 INFO  GetMyPostsServlet:49 - GetMyPostsServlet is called
2020-09-25 16:36:23 INFO  LoginFilter:131 - Logger here! btnAction at Filter :Search Now!
2020-09-25 16:36:23 INFO  DispatchController:58 - DispatchController is called
2020-09-25 16:36:23 INFO  DispatchController:62 - button in dispatchController :Search Now!
2020-09-25 16:36:23 INFO  SearchServlet:47 - SearchServlet is called
2020-09-25 16:36:23 INFO  SearchServlet:56 - Search Value : a
2020-09-25 16:36:25 INFO  LoginFilter:131 - Logger here! btnAction at Filter :Search Now!
2020-09-25 16:36:25 INFO  DispatchController:58 - DispatchController is called
2020-09-25 16:36:25 INFO  DispatchController:62 - button in dispatchController :Search Now!
2020-09-25 16:36:25 INFO  SearchServlet:47 - SearchServlet is called
2020-09-25 16:36:25 INFO  SearchServlet:56 - Search Value : a
2020-09-25 16:36:26 INFO  LoginFilter:131 - Logger here! btnAction at Filter :View Post
2020-09-25 16:36:26 INFO  DispatchController:58 - DispatchController is called
2020-09-25 16:36:26 INFO  DispatchController:62 - button in dispatchController :View Post
2020-09-25 16:36:26 INFO  ViewPostServlet:47 - ViewPostServlet is called
2020-09-25 16:36:26 INFO  GetCommentServlet:46 - GetCommentServlet is called
2020-09-25 16:36:26 INFO  GetEmotionServlet:46 - GetEmotionServlet is called
2020-09-25 16:36:29 INFO  LoginFilter:131 - Logger here! btnAction at Filter :Send Emotion
2020-09-25 16:36:29 INFO  DispatchController:58 - DispatchController is called
2020-09-25 16:36:29 INFO  DispatchController:62 - button in dispatchController :Send Emotion
2020-09-25 16:36:29 INFO  CreateEmotionServlet:45 - CreateEmotionServlet is called
2020-09-25 16:36:41 INFO  LoginFilter:131 - Logger here! btnAction at Filter :null
2020-09-25 16:36:41 INFO  DispatchController:58 - DispatchController is called
2020-09-25 16:36:41 INFO  DispatchController:62 - button in dispatchController :null
2020-09-25 16:36:41 INFO  FirstTimeServlet:49 - FirstTimeServlet is called
2020-09-25 16:36:50 INFO  LoginFilter:131 - Logger here! btnAction at Filter :Login now!
2020-09-25 16:36:50 INFO  DispatchController:58 - DispatchController is called
2020-09-25 16:36:50 INFO  DispatchController:62 - button in dispatchController :Login now!
2020-09-25 16:36:50 INFO  LoginServlet:53 - LoginServlet is called
2020-09-25 16:36:50 INFO  GetMyPostsServlet:49 - GetMyPostsServlet is called
2020-09-25 16:36:51 INFO  LoginFilter:131 - Logger here! btnAction at Filter :View Notification
2020-09-25 16:36:51 INFO  DispatchController:58 - DispatchController is called
2020-09-25 16:36:51 INFO  DispatchController:62 - button in dispatchController :View Notification
2020-09-25 16:36:51 INFO  ShowNotificationServlet:46 - ShowNotificationServlet is called
2020-09-25 16:36:55 INFO  LoginFilter:131 - Logger here! btnAction at Filter :View Post
2020-09-25 16:36:55 INFO  DispatchController:58 - DispatchController is called
2020-09-25 16:36:55 INFO  DispatchController:62 - button in dispatchController :View Post
2020-09-25 16:36:55 INFO  ViewPostServlet:47 - ViewPostServlet is called
2020-09-25 16:36:55 INFO  GetCommentServlet:46 - GetCommentServlet is called
2020-09-25 16:36:55 INFO  GetEmotionServlet:46 - GetEmotionServlet is called
2020-09-25 16:37:07 INFO  LoginFilter:131 - Logger here! btnAction at Filter :View Notification
2020-09-25 16:37:07 INFO  DispatchController:58 - DispatchController is called
2020-09-25 16:37:07 INFO  DispatchController:62 - button in dispatchController :View Notification
2020-09-25 16:37:07 INFO  ShowNotificationServlet:46 - ShowNotificationServlet is called
2020-09-25 16:37:12 INFO  LoginFilter:131 - Logger here! btnAction at Filter :View Post
2020-09-25 16:37:12 INFO  DispatchController:58 - DispatchController is called
2020-09-25 16:37:12 INFO  DispatchController:62 - button in dispatchController :View Post
2020-09-25 16:37:12 INFO  ViewPostServlet:47 - ViewPostServlet is called
2020-09-25 16:37:12 INFO  GetCommentServlet:46 - GetCommentServlet is called
2020-09-25 16:37:12 INFO  GetEmotionServlet:46 - GetEmotionServlet is called
2020-09-25 16:37:16 INFO  LoginFilter:131 - Logger here! btnAction at Filter :Get my post
2020-09-25 16:37:16 INFO  DispatchController:58 - DispatchController is called
2020-09-25 16:37:16 INFO  DispatchController:62 - button in dispatchController :Get my post
2020-09-25 16:37:16 INFO  GetMyPostsServlet:49 - GetMyPostsServlet is called
2020-09-25 16:37:42 INFO  LoginFilter:131 - Logger here! btnAction at Filter :Send Emotion
2020-09-25 16:37:42 INFO  DispatchController:58 - DispatchController is called
2020-09-25 16:37:42 INFO  DispatchController:62 - button in dispatchController :Send Emotion
2020-09-25 16:37:42 INFO  CreateEmotionServlet:45 - CreateEmotionServlet is called
2020-09-25 16:37:43 INFO  LoginFilter:131 - Logger here! btnAction at Filter :Send Emotion
2020-09-25 16:37:43 INFO  DispatchController:58 - DispatchController is called
2020-09-25 16:37:43 INFO  DispatchController:62 - button in dispatchController :Send Emotion
2020-09-25 16:37:43 INFO  CreateEmotionServlet:45 - CreateEmotionServlet is called
2020-09-25 16:37:44 INFO  LoginFilter:131 - Logger here! btnAction at Filter :Send Emotion
2020-09-25 16:37:44 INFO  DispatchController:58 - DispatchController is called
2020-09-25 16:37:44 INFO  DispatchController:62 - button in dispatchController :Send Emotion
2020-09-25 16:37:44 INFO  CreateEmotionServlet:45 - CreateEmotionServlet is called
2020-09-25 16:37:44 INFO  LoginFilter:131 - Logger here! btnAction at Filter :Send Emotion
2020-09-25 16:37:44 INFO  DispatchController:58 - DispatchController is called
2020-09-25 16:37:44 INFO  DispatchController:62 - button in dispatchController :Send Emotion
2020-09-25 16:37:44 INFO  CreateEmotionServlet:45 - CreateEmotionServlet is called
2020-09-25 16:37:45 INFO  LoginFilter:131 - Logger here! btnAction at Filter :Send Emotion
2020-09-25 16:37:45 INFO  DispatchController:58 - DispatchController is called
2020-09-25 16:37:45 INFO  DispatchController:62 - button in dispatchController :Send Emotion
2020-09-25 16:37:45 INFO  CreateEmotionServlet:45 - CreateEmotionServlet is called
2020-09-25 16:37:46 INFO  LoginFilter:131 - Logger here! btnAction at Filter :Send Emotion
2020-09-25 16:37:46 INFO  DispatchController:58 - DispatchController is called
2020-09-25 16:37:46 INFO  DispatchController:62 - button in dispatchController :Send Emotion
2020-09-25 16:37:46 INFO  CreateEmotionServlet:45 - CreateEmotionServlet is called
2020-09-25 16:37:46 INFO  LoginFilter:131 - Logger here! btnAction at Filter :Send Emotion
2020-09-25 16:37:46 INFO  DispatchController:58 - DispatchController is called
2020-09-25 16:37:46 INFO  DispatchController:62 - button in dispatchController :Send Emotion
2020-09-25 16:37:46 INFO  CreateEmotionServlet:45 - CreateEmotionServlet is called
2020-09-25 16:37:47 INFO  LoginFilter:131 - Logger here! btnAction at Filter :Send Emotion
2020-09-25 16:37:47 INFO  DispatchController:58 - DispatchController is called
2020-09-25 16:37:47 INFO  DispatchController:62 - button in dispatchController :Send Emotion
2020-09-25 16:37:47 INFO  CreateEmotionServlet:45 - CreateEmotionServlet is called
2020-09-25 16:37:50 INFO  LoginFilter:131 - Logger here! btnAction at Filter :View Notification
2020-09-25 16:37:50 INFO  DispatchController:58 - DispatchController is called
2020-09-25 16:37:50 INFO  DispatchController:62 - button in dispatchController :View Notification
2020-09-25 16:37:50 INFO  ShowNotificationServlet:46 - ShowNotificationServlet is called
2020-09-25 16:38:35 INFO  LoginFilter:131 - Logger here! btnAction at Filter :View Post
2020-09-25 16:38:35 INFO  DispatchController:58 - DispatchController is called
2020-09-25 16:38:35 INFO  DispatchController:62 - button in dispatchController :View Post
2020-09-25 16:38:35 INFO  ViewPostServlet:47 - ViewPostServlet is called
2020-09-25 16:38:35 INFO  GetCommentServlet:46 - GetCommentServlet is called
2020-09-25 16:38:35 INFO  GetEmotionServlet:46 - GetEmotionServlet is called
2020-09-25 16:38:38 INFO  LoginFilter:131 - Logger here! btnAction at Filter :Get my post
2020-09-25 16:38:38 INFO  DispatchController:58 - DispatchController is called
2020-09-25 16:38:38 INFO  DispatchController:62 - button in dispatchController :Get my post
2020-09-25 16:38:38 INFO  GetMyPostsServlet:49 - GetMyPostsServlet is called
2020-09-25 16:42:08 INFO  LoginFilter:131 - Logger here! btnAction at Filter :View Notification
2020-09-25 16:42:08 INFO  DispatchController:58 - DispatchController is called
2020-09-25 16:42:08 INFO  DispatchController:62 - button in dispatchController :View Notification
2020-09-25 16:42:08 INFO  ShowNotificationServlet:46 - ShowNotificationServlet is called
2020-09-25 16:42:15 INFO  LoginFilter:131 - Logger here! btnAction at Filter :Get my post
2020-09-25 16:42:15 INFO  DispatchController:58 - DispatchController is called
2020-09-25 16:42:15 INFO  DispatchController:62 - button in dispatchController :Get my post
2020-09-25 16:42:15 INFO  GetMyPostsServlet:49 - GetMyPostsServlet is called
2020-09-25 16:42:17 INFO  LoginFilter:131 - Logger here! btnAction at Filter :View Post
2020-09-25 16:42:17 INFO  DispatchController:58 - DispatchController is called
2020-09-25 16:42:17 INFO  DispatchController:62 - button in dispatchController :View Post
2020-09-25 16:42:17 INFO  ViewPostServlet:47 - ViewPostServlet is called
2020-09-25 16:42:18 INFO  GetCommentServlet:46 - GetCommentServlet is called
2020-09-25 16:42:18 INFO  GetEmotionServlet:46 - GetEmotionServlet is called
2020-09-25 16:43:45 INFO  LoginFilter:131 - Logger here! btnAction at Filter :Get my post
2020-09-25 16:43:45 INFO  DispatchController:58 - DispatchController is called
2020-09-25 16:43:45 INFO  DispatchController:62 - button in dispatchController :Get my post
2020-09-25 16:43:45 INFO  GetMyPostsServlet:49 - GetMyPostsServlet is called
2020-09-25 16:43:50 INFO  LoginFilter:131 - Logger here! btnAction at Filter :View Post
2020-09-25 16:43:50 INFO  DispatchController:58 - DispatchController is called
2020-09-25 16:43:50 INFO  DispatchController:62 - button in dispatchController :View Post
2020-09-25 16:43:50 INFO  ViewPostServlet:47 - ViewPostServlet is called
2020-09-25 16:43:50 INFO  GetCommentServlet:46 - GetCommentServlet is called
2020-09-25 16:43:50 INFO  GetEmotionServlet:46 - GetEmotionServlet is called
2020-09-25 16:43:51 INFO  LoginFilter:131 - Logger here! btnAction at Filter :Get my post
2020-09-25 16:43:51 INFO  DispatchController:58 - DispatchController is called
2020-09-25 16:43:51 INFO  DispatchController:62 - button in dispatchController :Get my post
2020-09-25 16:43:51 INFO  GetMyPostsServlet:49 - GetMyPostsServlet is called
2020-09-25 16:43:53 INFO  LoginFilter:131 - Logger here! btnAction at Filter :View Post
2020-09-25 16:43:53 INFO  DispatchController:58 - DispatchController is called
2020-09-25 16:43:53 INFO  DispatchController:62 - button in dispatchController :View Post
2020-09-25 16:43:53 INFO  ViewPostServlet:47 - ViewPostServlet is called
2020-09-25 16:43:53 INFO  GetCommentServlet:46 - GetCommentServlet is called
2020-09-25 16:43:53 INFO  GetEmotionServlet:46 - GetEmotionServlet is called
2020-09-25 16:44:01 INFO  LoginFilter:131 - Logger here! btnAction at Filter :Get my post
2020-09-25 16:44:01 INFO  DispatchController:58 - DispatchController is called
2020-09-25 16:44:01 INFO  DispatchController:62 - button in dispatchController :Get my post
2020-09-25 16:44:01 INFO  GetMyPostsServlet:49 - GetMyPostsServlet is called
2020-09-25 16:44:03 INFO  LoginFilter:131 - Logger here! btnAction at Filter :View Post
2020-09-25 16:44:03 INFO  DispatchController:58 - DispatchController is called
2020-09-25 16:44:03 INFO  DispatchController:62 - button in dispatchController :View Post
2020-09-25 16:44:03 INFO  ViewPostServlet:47 - ViewPostServlet is called
2020-09-25 16:44:03 INFO  GetCommentServlet:46 - GetCommentServlet is called
2020-09-25 16:44:03 INFO  GetEmotionServlet:46 - GetEmotionServlet is called
2020-09-25 16:44:08 INFO  LoginFilter:131 - Logger here! btnAction at Filter :Get my post
2020-09-25 16:44:08 INFO  DispatchController:58 - DispatchController is called
2020-09-25 16:44:08 INFO  DispatchController:62 - button in dispatchController :Get my post
2020-09-25 16:44:08 INFO  GetMyPostsServlet:49 - GetMyPostsServlet is called
2020-09-25 16:58:32 INFO  LoginFilter:131 - Logger here! btnAction at Filter :null
2020-09-25 16:58:32 INFO  DispatchController:58 - DispatchController is called
2020-09-25 16:58:32 INFO  DispatchController:62 - button in dispatchController :null
2020-09-25 16:58:32 INFO  FirstTimeServlet:49 - FirstTimeServlet is called
2020-09-25 16:58:34 INFO  LoginFilter:131 - Logger here! btnAction at Filter :register page
2020-09-25 16:58:34 INFO  DispatchController:58 - DispatchController is called
2020-09-25 16:58:34 INFO  DispatchController:62 - button in dispatchController :register page
2020-09-25 16:59:10 INFO  LoginFilter:131 - Logger here! btnAction at Filter :Create account now !
2020-09-25 16:59:10 INFO  DispatchController:58 - DispatchController is called
2020-09-25 16:59:10 INFO  DispatchController:62 - button in dispatchController :Create account now !
2020-09-25 16:59:10 INFO  RegisterServlet:51 - RegisterServlet is called
2020-09-25 16:59:27 INFO  LoginFilter:131 - Logger here! btnAction at Filter :Login now!
2020-09-25 16:59:27 INFO  DispatchController:58 - DispatchController is called
2020-09-25 16:59:27 INFO  DispatchController:62 - button in dispatchController :Login now!
2020-09-25 16:59:27 INFO  LoginServlet:54 - LoginServlet is called
2020-09-25 17:07:38 INFO  LoginFilter:131 - Logger here! btnAction at Filter :View Notification
2020-09-25 17:07:38 INFO  LoginFilter:131 - Logger here! btnAction at Filter :login page
2020-09-25 17:07:38 INFO  DispatchController:58 - DispatchController is called
2020-09-25 17:07:38 INFO  DispatchController:62 - button in dispatchController :login page
