2020-09-23 11:31:49 INFO  LoginFilter:131 - Logger here! btnAction at Filter :null
2020-09-23 11:31:49 INFO  DispatchController:56 - DispatchController is called
2020-09-23 11:31:49 INFO  DispatchController:60 - button in dispatchController :null
2020-09-23 11:31:49 INFO  FirstTimeServlet:49 - FirstTimeServlet is called
2020-09-23 11:32:35 INFO  LoginFilter:131 - Logger here! btnAction at Filter :Login now!
2020-09-23 11:32:35 INFO  DispatchController:56 - DispatchController is called
2020-09-23 11:32:35 INFO  DispatchController:60 - button in dispatchController :Login now!
2020-09-23 11:32:35 INFO  LoginServlet:53 - LoginServlet is called
2020-09-23 11:32:40 INFO  GetMyPostsServlet:49 - GetMyPostsServlet is called
2020-09-23 11:33:01 INFO  LoginFilter:131 - Logger here! btnAction at Filter :Search Now!
2020-09-23 11:33:01 INFO  DispatchController:56 - DispatchController is called
2020-09-23 11:33:01 INFO  DispatchController:60 - button in dispatchController :Search Now!
2020-09-23 11:33:01 INFO  SearchServlet:47 - SearchServlet is called
2020-09-23 11:33:01 INFO  SearchServlet:56 - Search Value : c
2020-09-23 11:33:06 INFO  LoginFilter:131 - Logger here! btnAction at Filter :Search Now!
2020-09-23 11:33:06 INFO  DispatchController:56 - DispatchController is called
2020-09-23 11:33:06 INFO  DispatchController:60 - button in dispatchController :Search Now!
2020-09-23 11:33:06 INFO  SearchServlet:47 - SearchServlet is called
2020-09-23 11:33:06 INFO  SearchServlet:56 - Search Value : c
2020-09-23 11:33:09 INFO  LoginFilter:131 - Logger here! btnAction at Filter :View Post
2020-09-23 11:33:09 INFO  DispatchController:56 - DispatchController is called
2020-09-23 11:33:09 INFO  DispatchController:60 - button in dispatchController :View Post
2020-09-23 11:33:09 INFO  ViewPostServlet:47 - ViewPostServlet is called
2020-09-23 11:33:10 INFO  GetCommentServlet:45 - GetCommentServlet is called
2020-09-23 11:33:37 INFO  LoginFilter:131 - Logger here! btnAction at Filter :Create Comment
2020-09-23 11:33:37 INFO  DispatchController:56 - DispatchController is called
2020-09-23 11:33:37 INFO  DispatchController:60 - button in dispatchController :Create Comment
2020-09-23 11:33:37 INFO  CreateCommentServlet:49 - CreateCommentServlet is called
2020-09-23 11:34:59 INFO  LoginFilter:131 - Logger here! btnAction at Filter :Get my post
2020-09-23 11:34:59 INFO  DispatchController:56 - DispatchController is called
2020-09-23 11:34:59 INFO  DispatchController:60 - button in dispatchController :Get my post
2020-09-23 11:34:59 INFO  GetMyPostsServlet:49 - GetMyPostsServlet is called
2020-09-23 11:35:02 INFO  LoginFilter:131 - Logger here! btnAction at Filter :Search Now!
2020-09-23 11:35:02 INFO  DispatchController:56 - DispatchController is called
2020-09-23 11:35:02 INFO  DispatchController:60 - button in dispatchController :Search Now!
2020-09-23 11:35:02 INFO  SearchServlet:47 - SearchServlet is called
2020-09-23 11:35:02 INFO  SearchServlet:56 - Search Value : c
2020-09-23 11:35:05 INFO  LoginFilter:131 - Logger here! btnAction at Filter :Search Now!
2020-09-23 11:35:05 INFO  DispatchController:56 - DispatchController is called
2020-09-23 11:35:05 INFO  DispatchController:60 - button in dispatchController :Search Now!
2020-09-23 11:35:05 INFO  SearchServlet:47 - SearchServlet is called
2020-09-23 11:35:05 INFO  SearchServlet:56 - Search Value : c
2020-09-23 11:35:06 INFO  LoginFilter:131 - Logger here! btnAction at Filter :View Post
2020-09-23 11:35:06 INFO  DispatchController:56 - DispatchController is called
2020-09-23 11:35:06 INFO  DispatchController:60 - button in dispatchController :View Post
2020-09-23 11:35:06 INFO  ViewPostServlet:47 - ViewPostServlet is called
2020-09-23 11:35:07 INFO  GetCommentServlet:45 - GetCommentServlet is called
2020-09-23 11:35:21 INFO  LoginFilter:131 - Logger here! btnAction at Filter :Create Comment
2020-09-23 11:35:21 INFO  DispatchController:56 - DispatchController is called
2020-09-23 11:35:21 INFO  DispatchController:60 - button in dispatchController :Create Comment
2020-09-23 11:35:21 INFO  CreateCommentServlet:49 - CreateCommentServlet is called
2020-09-23 11:35:25 INFO  LoginFilter:131 - Logger here! btnAction at Filter :Get my post
2020-09-23 11:35:25 INFO  DispatchController:56 - DispatchController is called
2020-09-23 11:35:25 INFO  DispatchController:60 - button in dispatchController :Get my post
2020-09-23 11:35:25 INFO  GetMyPostsServlet:49 - GetMyPostsServlet is called
2020-09-23 11:35:29 INFO  LoginFilter:131 - Logger here! btnAction at Filter :Search Now!
2020-09-23 11:35:29 INFO  DispatchController:56 - DispatchController is called
2020-09-23 11:35:29 INFO  DispatchController:60 - button in dispatchController :Search Now!
2020-09-23 11:35:29 INFO  SearchServlet:47 - SearchServlet is called
2020-09-23 11:35:29 INFO  SearchServlet:56 - Search Value : c
2020-09-23 11:35:31 INFO  LoginFilter:131 - Logger here! btnAction at Filter :Search Now!
2020-09-23 11:35:31 INFO  DispatchController:56 - DispatchController is called
2020-09-23 11:35:31 INFO  DispatchController:60 - button in dispatchController :Search Now!
2020-09-23 11:35:31 INFO  SearchServlet:47 - SearchServlet is called
2020-09-23 11:35:31 INFO  SearchServlet:56 - Search Value : c
2020-09-23 11:35:32 INFO  LoginFilter:131 - Logger here! btnAction at Filter :View Post
2020-09-23 11:35:32 INFO  DispatchController:56 - DispatchController is called
2020-09-23 11:35:32 INFO  DispatchController:60 - button in dispatchController :View Post
2020-09-23 11:35:32 INFO  ViewPostServlet:47 - ViewPostServlet is called
2020-09-23 11:35:32 INFO  GetCommentServlet:45 - GetCommentServlet is called
2020-09-23 11:36:42 INFO  LoginFilter:131 - Logger here! btnAction at Filter :Search Now!
2020-09-23 11:36:42 INFO  DispatchController:56 - DispatchController is called
2020-09-23 11:36:42 INFO  DispatchController:60 - button in dispatchController :Search Now!
2020-09-23 11:36:42 INFO  SearchServlet:47 - SearchServlet is called
2020-09-23 11:36:42 INFO  GetMyPostsServlet:49 - GetMyPostsServlet is called
2020-09-23 11:36:45 INFO  LoginFilter:131 - Logger here! btnAction at Filter :Search Now!
2020-09-23 11:36:45 INFO  DispatchController:56 - DispatchController is called
2020-09-23 11:36:45 INFO  DispatchController:60 - button in dispatchController :Search Now!
2020-09-23 11:36:45 INFO  SearchServlet:47 - SearchServlet is called
2020-09-23 11:36:45 INFO  SearchServlet:56 - Search Value : c
2020-09-23 11:36:48 INFO  LoginFilter:131 - Logger here! btnAction at Filter :Search Now!
2020-09-23 11:36:48 INFO  DispatchController:56 - DispatchController is called
2020-09-23 11:36:48 INFO  DispatchController:60 - button in dispatchController :Search Now!
2020-09-23 11:36:48 INFO  SearchServlet:47 - SearchServlet is called
2020-09-23 11:36:48 INFO  SearchServlet:56 - Search Value : c
2020-09-23 11:37:13 INFO  LoginFilter:131 - Logger here! btnAction at Filter :View Post
2020-09-23 11:37:13 INFO  DispatchController:56 - DispatchController is called
2020-09-23 11:37:13 INFO  DispatchController:60 - button in dispatchController :View Post
2020-09-23 11:37:13 INFO  ViewPostServlet:47 - ViewPostServlet is called
2020-09-23 11:37:13 INFO  GetCommentServlet:45 - GetCommentServlet is called
2020-09-23 11:37:24 INFO  LoginFilter:131 - Logger here! btnAction at Filter :Create Comment
2020-09-23 11:37:24 INFO  DispatchController:56 - DispatchController is called
2020-09-23 11:37:24 INFO  DispatchController:60 - button in dispatchController :Create Comment
2020-09-23 11:37:24 INFO  CreateCommentServlet:49 - CreateCommentServlet is called
2020-09-23 11:37:34 INFO  LoginFilter:131 - Logger here! btnAction at Filter :Get my post
2020-09-23 11:37:34 INFO  DispatchController:56 - DispatchController is called
2020-09-23 11:37:34 INFO  DispatchController:60 - button in dispatchController :Get my post
2020-09-23 11:37:34 INFO  GetMyPostsServlet:49 - GetMyPostsServlet is called
2020-09-23 11:39:31 INFO  LoginFilter:131 - Logger here! btnAction at Filter :View Post
2020-09-23 11:39:31 INFO  DispatchController:56 - DispatchController is called
2020-09-23 11:39:31 INFO  DispatchController:60 - button in dispatchController :View Post
2020-09-23 11:39:31 INFO  ViewPostServlet:47 - ViewPostServlet is called
2020-09-23 11:39:31 INFO  GetCommentServlet:45 - GetCommentServlet is called
2020-09-23 11:39:36 INFO  LoginFilter:131 - Logger here! btnAction at Filter :Get my post
2020-09-23 11:39:36 INFO  DispatchController:56 - DispatchController is called
2020-09-23 11:39:36 INFO  DispatchController:60 - button in dispatchController :Get my post
2020-09-23 11:39:36 INFO  GetMyPostsServlet:49 - GetMyPostsServlet is called
2020-09-23 11:39:43 INFO  LoginFilter:131 - Logger here! btnAction at Filter :Log out
2020-09-23 11:39:43 INFO  DispatchController:56 - DispatchController is called
2020-09-23 11:39:43 INFO  DispatchController:60 - button in dispatchController :Log out
2020-09-23 11:39:43 INFO  LogoutServlet:45 - LogoutServlet is called
2020-09-23 11:39:53 INFO  LoginFilter:131 - Logger here! btnAction at Filter :Login now!
2020-09-23 11:39:53 INFO  DispatchController:56 - DispatchController is called
2020-09-23 11:39:53 INFO  DispatchController:60 - button in dispatchController :Login now!
2020-09-23 11:39:53 INFO  LoginServlet:53 - LoginServlet is called
2020-09-23 11:39:53 INFO  GetMyPostsServlet:49 - GetMyPostsServlet is called
2020-09-23 11:40:16 INFO  LoginFilter:131 - Logger here! btnAction at Filter :Save new post
2020-09-23 11:40:16 INFO  DispatchController:56 - DispatchController is called
2020-09-23 11:40:16 INFO  DispatchController:60 - button in dispatchController :Save new post
2020-09-23 11:40:16 INFO  CreateArticleServlet:53 - CreateArticleServlet is called
2020-09-23 11:40:16 INFO  CreateArticleServlet:106 - User created post successfully
2020-09-23 11:40:16 INFO  LoginFilter:131 - Logger here! btnAction at Filter :Get my post
2020-09-23 11:40:16 INFO  DispatchController:56 - DispatchController is called
2020-09-23 11:40:16 INFO  DispatchController:60 - button in dispatchController :Get my post
2020-09-23 11:40:16 INFO  GetMyPostsServlet:49 - GetMyPostsServlet is called
2020-09-23 11:40:20 INFO  LoginFilter:131 - Logger here! btnAction at Filter :View Post
2020-09-23 11:40:20 INFO  DispatchController:56 - DispatchController is called
2020-09-23 11:40:20 INFO  DispatchController:60 - button in dispatchController :View Post
2020-09-23 11:40:20 INFO  ViewPostServlet:47 - ViewPostServlet is called
2020-09-23 11:40:20 INFO  GetCommentServlet:45 - GetCommentServlet is called
2020-09-23 11:43:45 INFO  LoginFilter:131 - Logger here! btnAction at Filter :Get my post
2020-09-23 11:43:45 INFO  DispatchController:56 - DispatchController is called
2020-09-23 11:43:45 INFO  DispatchController:60 - button in dispatchController :Get my post
2020-09-23 11:43:45 INFO  GetMyPostsServlet:49 - GetMyPostsServlet is called
2020-09-23 11:43:47 INFO  LoginFilter:131 - Logger here! btnAction at Filter :View Post
2020-09-23 11:43:47 INFO  DispatchController:56 - DispatchController is called
2020-09-23 11:43:47 INFO  DispatchController:60 - button in dispatchController :View Post
2020-09-23 11:43:47 INFO  ViewPostServlet:47 - ViewPostServlet is called
2020-09-23 11:43:47 INFO  GetCommentServlet:45 - GetCommentServlet is called
2020-09-23 11:43:51 INFO  LoginFilter:131 - Logger here! btnAction at Filter :Get my post
2020-09-23 11:43:51 INFO  DispatchController:56 - DispatchController is called
2020-09-23 11:43:51 INFO  DispatchController:60 - button in dispatchController :Get my post
2020-09-23 11:43:51 INFO  GetMyPostsServlet:49 - GetMyPostsServlet is called
2020-09-23 11:45:58 INFO  LoginFilter:131 - Logger here! btnAction at Filter :null
2020-09-23 11:45:58 INFO  DispatchController:56 - DispatchController is called
2020-09-23 11:45:58 INFO  DispatchController:60 - button in dispatchController :null
2020-09-23 11:45:58 INFO  FirstTimeServlet:49 - FirstTimeServlet is called
2020-09-23 11:45:59 INFO  FirstTimeServlet:73 - FirstTime - Has User
2020-09-23 11:45:59 INFO  GetMyPostsServlet:49 - GetMyPostsServlet is called
2020-09-23 11:46:32 INFO  LoginFilter:131 - Logger here! btnAction at Filter :Save new post
2020-09-23 11:46:32 INFO  DispatchController:56 - DispatchController is called
2020-09-23 11:46:32 INFO  DispatchController:60 - button in dispatchController :Save new post
2020-09-23 11:46:32 INFO  CreateArticleServlet:53 - CreateArticleServlet is called
2020-09-23 11:46:32 INFO  CreateArticleServlet:106 - User created post successfully
2020-09-23 11:46:32 INFO  LoginFilter:131 - Logger here! btnAction at Filter :Get my post
2020-09-23 11:46:32 INFO  DispatchController:56 - DispatchController is called
2020-09-23 11:46:32 INFO  DispatchController:60 - button in dispatchController :Get my post
2020-09-23 11:46:32 INFO  GetMyPostsServlet:49 - GetMyPostsServlet is called
2020-09-23 11:46:35 INFO  LoginFilter:131 - Logger here! btnAction at Filter :View Post
2020-09-23 11:46:35 INFO  DispatchController:56 - DispatchController is called
2020-09-23 11:46:35 INFO  DispatchController:60 - button in dispatchController :View Post
2020-09-23 11:46:35 INFO  ViewPostServlet:47 - ViewPostServlet is called
2020-09-23 11:46:35 INFO  GetCommentServlet:45 - GetCommentServlet is called
2020-09-23 11:48:41 INFO  LoginFilter:131 - Logger here! btnAction at Filter :null
2020-09-23 11:48:41 INFO  DispatchController:56 - DispatchController is called
2020-09-23 11:48:41 INFO  DispatchController:60 - button in dispatchController :null
2020-09-23 11:48:41 INFO  FirstTimeServlet:49 - FirstTimeServlet is called
2020-09-23 11:48:41 INFO  FirstTimeServlet:73 - FirstTime - Has User
2020-09-23 11:48:41 INFO  GetMyPostsServlet:49 - GetMyPostsServlet is called
2020-09-23 11:48:47 INFO  LoginFilter:131 - Logger here! btnAction at Filter :View Post
2020-09-23 11:48:47 INFO  DispatchController:56 - DispatchController is called
2020-09-23 11:48:47 INFO  DispatchController:60 - button in dispatchController :View Post
2020-09-23 11:48:47 INFO  ViewPostServlet:47 - ViewPostServlet is called
2020-09-23 11:48:47 INFO  GetCommentServlet:45 - GetCommentServlet is called
2020-09-23 11:48:51 INFO  LoginFilter:131 - Logger here! btnAction at Filter :Get my post
2020-09-23 11:48:51 INFO  DispatchController:56 - DispatchController is called
2020-09-23 11:48:51 INFO  DispatchController:60 - button in dispatchController :Get my post
2020-09-23 11:48:51 INFO  GetMyPostsServlet:49 - GetMyPostsServlet is called
2020-09-23 11:49:23 INFO  LoginFilter:131 - Logger here! btnAction at Filter :Save new post
2020-09-23 11:49:23 INFO  DispatchController:56 - DispatchController is called
2020-09-23 11:49:23 INFO  DispatchController:60 - button in dispatchController :Save new post
2020-09-23 11:49:23 INFO  CreateArticleServlet:53 - CreateArticleServlet is called
2020-09-23 11:49:23 ERROR LoginFilter:192 - LoginFilter:null
2020-09-23 11:49:23 INFO  LoginFilter:131 - Logger here! btnAction at Filter :Get my post
2020-09-23 11:49:23 INFO  DispatchController:56 - DispatchController is called
2020-09-23 11:49:23 INFO  DispatchController:60 - button in dispatchController :Get my post
2020-09-23 11:49:23 INFO  GetMyPostsServlet:49 - GetMyPostsServlet is called
2020-09-23 11:49:38 INFO  LoginFilter:131 - Logger here! btnAction at Filter :Get my post
2020-09-23 11:49:38 INFO  DispatchController:56 - DispatchController is called
2020-09-23 11:49:38 INFO  DispatchController:60 - button in dispatchController :Get my post
2020-09-23 11:49:38 INFO  GetMyPostsServlet:49 - GetMyPostsServlet is called
2020-09-23 11:50:03 INFO  LoginFilter:131 - Logger here! btnAction at Filter :Save new post
2020-09-23 11:50:03 INFO  DispatchController:56 - DispatchController is called
2020-09-23 11:50:03 INFO  DispatchController:60 - button in dispatchController :Save new post
2020-09-23 11:50:03 INFO  CreateArticleServlet:53 - CreateArticleServlet is called
2020-09-23 11:50:03 ERROR LoginFilter:192 - LoginFilter:null
2020-09-23 11:50:03 INFO  LoginFilter:131 - Logger here! btnAction at Filter :Get my post
2020-09-23 11:50:03 INFO  DispatchController:56 - DispatchController is called
2020-09-23 11:50:03 INFO  DispatchController:60 - button in dispatchController :Get my post
2020-09-23 11:50:03 INFO  GetMyPostsServlet:49 - GetMyPostsServlet is called
2020-09-23 11:53:46 INFO  LoginFilter:131 - Logger here! btnAction at Filter :null
2020-09-23 11:53:47 INFO  DispatchController:56 - DispatchController is called
2020-09-23 11:53:47 INFO  DispatchController:60 - button in dispatchController :null
2020-09-23 11:53:47 INFO  FirstTimeServlet:49 - FirstTimeServlet is called
2020-09-23 11:54:02 INFO  LoginFilter:131 - Logger here! btnAction at Filter :Login now!
2020-09-23 11:54:02 INFO  DispatchController:56 - DispatchController is called
2020-09-23 11:54:02 INFO  DispatchController:60 - button in dispatchController :Login now!
2020-09-23 11:54:03 INFO  LoginServlet:53 - LoginServlet is called
2020-09-23 11:54:03 INFO  GetMyPostsServlet:49 - GetMyPostsServlet is called
2020-09-23 11:54:30 INFO  LoginFilter:131 - Logger here! btnAction at Filter :Save new post
2020-09-23 11:54:30 INFO  DispatchController:56 - DispatchController is called
2020-09-23 11:54:30 INFO  DispatchController:60 - button in dispatchController :Save new post
2020-09-23 11:54:30 INFO  CreateArticleServlet:53 - CreateArticleServlet is called
2020-09-23 11:54:30 INFO  CreateArticleServlet:108 - User created post successfully
2020-09-23 11:54:30 INFO  LoginFilter:131 - Logger here! btnAction at Filter :Get my post
2020-09-23 11:54:30 INFO  DispatchController:56 - DispatchController is called
2020-09-23 11:54:30 INFO  DispatchController:60 - button in dispatchController :Get my post
2020-09-23 11:54:30 INFO  GetMyPostsServlet:49 - GetMyPostsServlet is called
2020-09-23 11:54:32 INFO  LoginFilter:131 - Logger here! btnAction at Filter :View Post
2020-09-23 11:54:32 INFO  DispatchController:56 - DispatchController is called
2020-09-23 11:54:32 INFO  DispatchController:60 - button in dispatchController :View Post
2020-09-23 11:54:32 INFO  ViewPostServlet:47 - ViewPostServlet is called
2020-09-23 11:54:32 INFO  GetCommentServlet:45 - GetCommentServlet is called
2020-09-23 11:56:18 INFO  LoginFilter:131 - Logger here! btnAction at Filter :null
2020-09-23 11:56:18 INFO  DispatchController:56 - DispatchController is called
2020-09-23 11:56:18 INFO  DispatchController:60 - button in dispatchController :null
2020-09-23 11:56:18 INFO  FirstTimeServlet:49 - FirstTimeServlet is called
2020-09-23 11:56:18 INFO  FirstTimeServlet:73 - FirstTime - Has User
2020-09-23 11:56:18 INFO  GetMyPostsServlet:49 - GetMyPostsServlet is called
2020-09-23 11:56:27 INFO  LoginFilter:131 - Logger here! btnAction at Filter :View Post
2020-09-23 11:56:27 INFO  DispatchController:56 - DispatchController is called
2020-09-23 11:56:27 INFO  DispatchController:60 - button in dispatchController :View Post
2020-09-23 11:56:27 INFO  ViewPostServlet:47 - ViewPostServlet is called
2020-09-23 11:56:27 INFO  GetCommentServlet:45 - GetCommentServlet is called
2020-09-23 11:56:33 INFO  LoginFilter:131 - Logger here! btnAction at Filter :Get my post
2020-09-23 11:56:33 INFO  DispatchController:56 - DispatchController is called
2020-09-23 11:56:33 INFO  DispatchController:60 - button in dispatchController :Get my post
2020-09-23 11:56:33 INFO  GetMyPostsServlet:49 - GetMyPostsServlet is called
2020-09-23 11:56:49 INFO  LoginFilter:131 - Logger here! btnAction at Filter :Save new post
2020-09-23 11:56:49 INFO  DispatchController:56 - DispatchController is called
2020-09-23 11:56:49 INFO  DispatchController:60 - button in dispatchController :Save new post
2020-09-23 11:56:49 INFO  CreateArticleServlet:53 - CreateArticleServlet is called
2020-09-23 11:56:49 INFO  CreateArticleServlet:108 - User created post successfully
2020-09-23 11:56:49 INFO  LoginFilter:131 - Logger here! btnAction at Filter :Get my post
2020-09-23 11:56:49 INFO  DispatchController:56 - DispatchController is called
2020-09-23 11:56:49 INFO  DispatchController:60 - button in dispatchController :Get my post
2020-09-23 11:56:49 INFO  GetMyPostsServlet:49 - GetMyPostsServlet is called
2020-09-23 11:56:51 INFO  LoginFilter:131 - Logger here! btnAction at Filter :View Post
2020-09-23 11:56:51 INFO  DispatchController:56 - DispatchController is called
2020-09-23 11:56:51 INFO  DispatchController:60 - button in dispatchController :View Post
2020-09-23 11:56:51 INFO  ViewPostServlet:47 - ViewPostServlet is called
2020-09-23 11:56:51 INFO  GetCommentServlet:45 - GetCommentServlet is called
2020-09-23 11:56:53 INFO  LoginFilter:131 - Logger here! btnAction at Filter :Get my post
2020-09-23 11:56:53 INFO  DispatchController:56 - DispatchController is called
2020-09-23 11:56:53 INFO  DispatchController:60 - button in dispatchController :Get my post
2020-09-23 11:56:53 INFO  GetMyPostsServlet:49 - GetMyPostsServlet is called
2020-09-23 11:56:55 INFO  LoginFilter:131 - Logger here! btnAction at Filter :View Post
2020-09-23 11:56:55 INFO  DispatchController:56 - DispatchController is called
2020-09-23 11:56:55 INFO  DispatchController:60 - button in dispatchController :View Post
2020-09-23 11:56:55 INFO  ViewPostServlet:47 - ViewPostServlet is called
2020-09-23 11:56:55 INFO  GetCommentServlet:45 - GetCommentServlet is called
2020-09-23 11:57:13 INFO  LoginFilter:131 - Logger here! btnAction at Filter :Create Comment
2020-09-23 11:57:13 INFO  DispatchController:56 - DispatchController is called
2020-09-23 11:57:13 INFO  DispatchController:60 - button in dispatchController :Create Comment
2020-09-23 11:57:13 INFO  CreateCommentServlet:49 - CreateCommentServlet is called
2020-09-23 11:57:41 INFO  LoginFilter:131 - Logger here! btnAction at Filter :Get my post
2020-09-23 11:57:41 INFO  DispatchController:56 - DispatchController is called
2020-09-23 11:57:41 INFO  DispatchController:60 - button in dispatchController :Get my post
2020-09-23 11:57:41 INFO  GetMyPostsServlet:49 - GetMyPostsServlet is called
2020-09-23 11:57:42 INFO  LoginFilter:131 - Logger here! btnAction at Filter :View Post
2020-09-23 11:57:42 INFO  DispatchController:56 - DispatchController is called
2020-09-23 11:57:42 INFO  DispatchController:60 - button in dispatchController :View Post
2020-09-23 11:57:42 INFO  ViewPostServlet:47 - ViewPostServlet is called
2020-09-23 11:57:43 INFO  GetCommentServlet:45 - GetCommentServlet is called
2020-09-23 11:57:46 INFO  LoginFilter:131 - Logger here! btnAction at Filter :Get my post
2020-09-23 11:57:46 INFO  DispatchController:56 - DispatchController is called
2020-09-23 11:57:46 INFO  DispatchController:60 - button in dispatchController :Get my post
2020-09-23 11:57:46 INFO  GetMyPostsServlet:49 - GetMyPostsServlet is called
2020-09-23 11:57:57 INFO  LoginFilter:131 - Logger here! btnAction at Filter :Delete this post
2020-09-23 11:57:57 INFO  DispatchController:56 - DispatchController is called
2020-09-23 11:57:57 INFO  DispatchController:60 - button in dispatchController :Delete this post
2020-09-23 11:57:57 INFO  DeletePostServlet:43 - DeletePostServlet is called
2020-09-23 11:57:57 INFO  DeletePostServlet:51 - Just deleted a post
2020-09-23 11:57:57 INFO  LoginFilter:131 - Logger here! btnAction at Filter :Get my post
2020-09-23 11:57:57 INFO  DispatchController:56 - DispatchController is called
2020-09-23 11:57:57 INFO  DispatchController:60 - button in dispatchController :Get my post
2020-09-23 11:57:57 INFO  GetMyPostsServlet:49 - GetMyPostsServlet is called
2020-09-23 11:58:00 INFO  LoginFilter:131 - Logger here! btnAction at Filter :View Post
2020-09-23 11:58:00 INFO  DispatchController:56 - DispatchController is called
2020-09-23 11:58:00 INFO  DispatchController:60 - button in dispatchController :View Post
2020-09-23 11:58:00 INFO  ViewPostServlet:47 - ViewPostServlet is called
2020-09-23 11:58:00 INFO  GetCommentServlet:45 - GetCommentServlet is called
2020-09-23 11:58:03 INFO  LoginFilter:131 - Logger here! btnAction at Filter :Get my post
2020-09-23 11:58:03 INFO  DispatchController:56 - DispatchController is called
2020-09-23 11:58:03 INFO  DispatchController:60 - button in dispatchController :Get my post
2020-09-23 11:58:03 INFO  GetMyPostsServlet:49 - GetMyPostsServlet is called
2020-09-23 11:58:05 INFO  LoginFilter:131 - Logger here! btnAction at Filter :View Post
2020-09-23 11:58:05 INFO  DispatchController:56 - DispatchController is called
2020-09-23 11:58:05 INFO  DispatchController:60 - button in dispatchController :View Post
2020-09-23 11:58:05 INFO  ViewPostServlet:47 - ViewPostServlet is called
2020-09-23 11:58:05 INFO  GetCommentServlet:45 - GetCommentServlet is called
2020-09-23 11:58:10 INFO  LoginFilter:131 - Logger here! btnAction at Filter :Search Now!
2020-09-23 11:58:10 INFO  DispatchController:56 - DispatchController is called
2020-09-23 11:58:10 INFO  DispatchController:60 - button in dispatchController :Search Now!
2020-09-23 11:58:10 INFO  SearchServlet:47 - SearchServlet is called
2020-09-23 11:58:10 INFO  SearchServlet:56 - Search Value : h
2020-09-23 11:58:12 INFO  LoginFilter:131 - Logger here! btnAction at Filter :Search Now!
2020-09-23 11:58:12 INFO  DispatchController:56 - DispatchController is called
2020-09-23 11:58:12 INFO  DispatchController:60 - button in dispatchController :Search Now!
2020-09-23 11:58:12 INFO  SearchServlet:47 - SearchServlet is called
2020-09-23 11:58:12 INFO  SearchServlet:56 - Search Value : h
2020-09-23 11:58:13 INFO  LoginFilter:131 - Logger here! btnAction at Filter :Search Now!
2020-09-23 11:58:13 INFO  DispatchController:56 - DispatchController is called
2020-09-23 11:58:13 INFO  DispatchController:60 - button in dispatchController :Search Now!
2020-09-23 11:58:13 INFO  SearchServlet:47 - SearchServlet is called
2020-09-23 11:58:13 INFO  SearchServlet:56 - Search Value : h
2020-09-23 11:58:14 INFO  LoginFilter:131 - Logger here! btnAction at Filter :Search Now!
2020-09-23 11:58:14 INFO  DispatchController:56 - DispatchController is called
2020-09-23 11:58:14 INFO  DispatchController:60 - button in dispatchController :Search Now!
2020-09-23 11:58:14 INFO  SearchServlet:47 - SearchServlet is called
2020-09-23 11:58:14 INFO  SearchServlet:56 - Search Value : h
2020-09-23 12:01:17 INFO  LoginFilter:131 - Logger here! btnAction at Filter :Get my post
2020-09-23 12:01:17 INFO  DispatchController:56 - DispatchController is called
2020-09-23 12:01:17 INFO  DispatchController:60 - button in dispatchController :Get my post
2020-09-23 12:01:17 INFO  GetMyPostsServlet:49 - GetMyPostsServlet is called
2020-09-23 12:01:22 INFO  LoginFilter:131 - Logger here! btnAction at Filter :View Post
2020-09-23 12:01:22 INFO  DispatchController:56 - DispatchController is called
2020-09-23 12:01:22 INFO  DispatchController:60 - button in dispatchController :View Post
2020-09-23 12:01:22 INFO  ViewPostServlet:47 - ViewPostServlet is called
2020-09-23 12:01:23 INFO  GetCommentServlet:45 - GetCommentServlet is called
2020-09-23 12:01:26 INFO  LoginFilter:131 - Logger here! btnAction at Filter :Get my post
2020-09-23 12:01:26 INFO  DispatchController:56 - DispatchController is called
2020-09-23 12:01:26 INFO  DispatchController:60 - button in dispatchController :Get my post
2020-09-23 12:01:26 INFO  GetMyPostsServlet:49 - GetMyPostsServlet is called
2020-09-23 12:01:28 INFO  LoginFilter:131 - Logger here! btnAction at Filter :View Post
2020-09-23 12:01:28 INFO  DispatchController:56 - DispatchController is called
2020-09-23 12:01:28 INFO  DispatchController:60 - button in dispatchController :View Post
2020-09-23 12:01:28 INFO  ViewPostServlet:47 - ViewPostServlet is called
2020-09-23 12:01:28 INFO  GetCommentServlet:45 - GetCommentServlet is called
2020-09-23 12:04:19 INFO  LoginFilter:131 - Logger here! btnAction at Filter :Search Now!
2020-09-23 12:04:19 INFO  DispatchController:56 - DispatchController is called
2020-09-23 12:04:19 INFO  DispatchController:60 - button in dispatchController :Search Now!
2020-09-23 12:04:19 INFO  SearchServlet:47 - SearchServlet is called
2020-09-23 12:04:19 INFO  SearchServlet:56 - Search Value : c
2020-09-23 12:04:20 INFO  LoginFilter:131 - Logger here! btnAction at Filter :View Post
2020-09-23 12:04:20 INFO  DispatchController:56 - DispatchController is called
2020-09-23 12:04:20 INFO  DispatchController:60 - button in dispatchController :View Post
2020-09-23 12:04:20 INFO  ViewPostServlet:47 - ViewPostServlet is called
2020-09-23 12:04:20 INFO  GetCommentServlet:45 - GetCommentServlet is called
2020-09-23 12:04:31 INFO  LoginFilter:131 - Logger here! btnAction at Filter :Get my post
2020-09-23 12:04:31 INFO  DispatchController:56 - DispatchController is called
2020-09-23 12:04:31 INFO  DispatchController:60 - button in dispatchController :Get my post
2020-09-23 12:04:31 INFO  GetMyPostsServlet:49 - GetMyPostsServlet is called
2020-09-23 12:05:22 INFO  LoginFilter:131 - Logger here! btnAction at Filter :View Post
2020-09-23 12:05:22 INFO  DispatchController:56 - DispatchController is called
2020-09-23 12:05:22 INFO  DispatchController:60 - button in dispatchController :View Post
2020-09-23 12:05:22 INFO  ViewPostServlet:47 - ViewPostServlet is called
2020-09-23 12:05:22 INFO  GetCommentServlet:45 - GetCommentServlet is called
2020-09-23 12:05:26 INFO  LoginFilter:131 - Logger here! btnAction at Filter :Get my post
2020-09-23 12:05:26 INFO  DispatchController:56 - DispatchController is called
2020-09-23 12:05:26 INFO  DispatchController:60 - button in dispatchController :Get my post
2020-09-23 12:05:26 INFO  GetMyPostsServlet:49 - GetMyPostsServlet is called
2020-09-23 12:05:28 INFO  LoginFilter:131 - Logger here! btnAction at Filter :Search Now!
2020-09-23 12:05:28 INFO  DispatchController:56 - DispatchController is called
2020-09-23 12:05:28 INFO  DispatchController:60 - button in dispatchController :Search Now!
2020-09-23 12:05:28 INFO  SearchServlet:47 - SearchServlet is called
2020-09-23 12:05:28 INFO  SearchServlet:56 - Search Value : c
2020-09-23 12:05:30 INFO  LoginFilter:131 - Logger here! btnAction at Filter :View Post
2020-09-23 12:05:30 INFO  DispatchController:56 - DispatchController is called
2020-09-23 12:05:30 INFO  DispatchController:60 - button in dispatchController :View Post
2020-09-23 12:05:30 INFO  ViewPostServlet:47 - ViewPostServlet is called
2020-09-23 12:05:30 INFO  GetCommentServlet:45 - GetCommentServlet is called
2020-09-23 12:05:34 INFO  LoginFilter:131 - Logger here! btnAction at Filter :View Post
2020-09-23 12:05:34 INFO  DispatchController:56 - DispatchController is called
2020-09-23 12:05:34 INFO  DispatchController:60 - button in dispatchController :View Post
2020-09-23 12:05:34 INFO  ViewPostServlet:47 - ViewPostServlet is called
2020-09-23 12:05:34 INFO  GetCommentServlet:45 - GetCommentServlet is called
2020-09-23 12:05:37 INFO  LoginFilter:131 - Logger here! btnAction at Filter :Search Now!
2020-09-23 12:05:37 INFO  DispatchController:56 - DispatchController is called
2020-09-23 12:05:37 INFO  DispatchController:60 - button in dispatchController :Search Now!
2020-09-23 12:05:37 INFO  SearchServlet:47 - SearchServlet is called
2020-09-23 12:05:37 INFO  SearchServlet:56 - Search Value : c
2020-09-23 12:05:38 INFO  LoginFilter:131 - Logger here! btnAction at Filter :View Post
2020-09-23 12:05:38 INFO  DispatchController:56 - DispatchController is called
2020-09-23 12:05:38 INFO  DispatchController:60 - button in dispatchController :View Post
2020-09-23 12:05:38 INFO  ViewPostServlet:47 - ViewPostServlet is called
2020-09-23 12:05:38 INFO  GetCommentServlet:45 - GetCommentServlet is called
2020-09-23 12:09:20 INFO  LoginFilter:131 - Logger here! btnAction at Filter :Get my post
2020-09-23 12:09:20 INFO  DispatchController:56 - DispatchController is called
2020-09-23 12:09:20 INFO  DispatchController:60 - button in dispatchController :Get my post
2020-09-23 12:09:20 INFO  GetMyPostsServlet:49 - GetMyPostsServlet is called
2020-09-23 12:09:22 INFO  LoginFilter:131 - Logger here! btnAction at Filter :View Post
2020-09-23 12:09:22 INFO  DispatchController:56 - DispatchController is called
2020-09-23 12:09:22 INFO  DispatchController:60 - button in dispatchController :View Post
2020-09-23 12:09:22 INFO  ViewPostServlet:47 - ViewPostServlet is called
2020-09-23 12:09:22 INFO  GetCommentServlet:45 - GetCommentServlet is called
2020-09-23 12:09:24 INFO  LoginFilter:131 - Logger here! btnAction at Filter :Get my post
2020-09-23 12:09:24 INFO  DispatchController:56 - DispatchController is called
2020-09-23 12:09:24 INFO  DispatchController:60 - button in dispatchController :Get my post
2020-09-23 12:09:24 INFO  GetMyPostsServlet:49 - GetMyPostsServlet is called
2020-09-23 12:09:25 INFO  LoginFilter:131 - Logger here! btnAction at Filter :View Post
2020-09-23 12:09:25 INFO  DispatchController:56 - DispatchController is called
2020-09-23 12:09:25 INFO  DispatchController:60 - button in dispatchController :View Post
2020-09-23 12:09:25 INFO  ViewPostServlet:47 - ViewPostServlet is called
2020-09-23 12:09:26 INFO  GetCommentServlet:45 - GetCommentServlet is called
2020-09-23 13:10:50 INFO  LoginFilter:131 - Logger here! btnAction at Filter :Search Now!
2020-09-23 13:10:50 INFO  LoginFilter:131 - Logger here! btnAction at Filter :login page
2020-09-23 13:10:50 INFO  DispatchController:56 - DispatchController is called
2020-09-23 13:10:50 INFO  DispatchController:60 - button in dispatchController :login page
2020-09-23 13:14:40 INFO  LoginFilter:131 - Logger here! btnAction at Filter :null
2020-09-23 13:14:40 INFO  DispatchController:56 - DispatchController is called
2020-09-23 13:14:40 INFO  DispatchController:60 - button in dispatchController :null
2020-09-23 13:14:40 INFO  FirstTimeServlet:49 - FirstTimeServlet is called
2020-09-23 13:14:56 INFO  LoginFilter:131 - Logger here! btnAction at Filter :Login now!
2020-09-23 13:14:56 INFO  DispatchController:56 - DispatchController is called
2020-09-23 13:14:56 INFO  DispatchController:60 - button in dispatchController :Login now!
2020-09-23 13:14:56 INFO  LoginServlet:53 - LoginServlet is called
2020-09-23 13:14:56 INFO  GetMyPostsServlet:49 - GetMyPostsServlet is called
2020-09-23 13:15:01 INFO  LoginFilter:131 - Logger here! btnAction at Filter :View Post
2020-09-23 13:15:01 INFO  DispatchController:56 - DispatchController is called
2020-09-23 13:15:01 INFO  DispatchController:60 - button in dispatchController :View Post
2020-09-23 13:15:01 INFO  ViewPostServlet:47 - ViewPostServlet is called
2020-09-23 13:15:01 INFO  GetCommentServlet:45 - GetCommentServlet is called
2020-09-23 13:15:06 INFO  LoginFilter:131 - Logger here! btnAction at Filter :Get my post
2020-09-23 13:15:06 INFO  DispatchController:56 - DispatchController is called
2020-09-23 13:15:06 INFO  DispatchController:60 - button in dispatchController :Get my post
2020-09-23 13:15:06 INFO  GetMyPostsServlet:49 - GetMyPostsServlet is called
2020-09-23 13:15:08 INFO  LoginFilter:131 - Logger here! btnAction at Filter :Search Now!
2020-09-23 13:15:08 INFO  DispatchController:56 - DispatchController is called
2020-09-23 13:15:08 INFO  DispatchController:60 - button in dispatchController :Search Now!
2020-09-23 13:15:08 INFO  SearchServlet:47 - SearchServlet is called
2020-09-23 13:15:08 INFO  SearchServlet:56 - Search Value : c
2020-09-23 13:15:10 INFO  LoginFilter:131 - Logger here! btnAction at Filter :View Post
2020-09-23 13:15:10 INFO  DispatchController:56 - DispatchController is called
2020-09-23 13:15:10 INFO  DispatchController:60 - button in dispatchController :View Post
2020-09-23 13:15:10 INFO  ViewPostServlet:47 - ViewPostServlet is called
2020-09-23 13:15:10 INFO  GetCommentServlet:45 - GetCommentServlet is called
2020-09-23 13:15:15 INFO  LoginFilter:131 - Logger here! btnAction at Filter :View Post
2020-09-23 13:15:15 INFO  DispatchController:56 - DispatchController is called
2020-09-23 13:15:15 INFO  DispatchController:60 - button in dispatchController :View Post
2020-09-23 13:15:15 INFO  ViewPostServlet:47 - ViewPostServlet is called
2020-09-23 13:15:15 INFO  GetCommentServlet:45 - GetCommentServlet is called
2020-09-23 13:15:20 INFO  LoginFilter:131 - Logger here! btnAction at Filter :Create Comment
2020-09-23 13:15:20 INFO  DispatchController:56 - DispatchController is called
2020-09-23 13:15:20 INFO  DispatchController:60 - button in dispatchController :Create Comment
2020-09-23 13:15:20 INFO  CreateCommentServlet:49 - CreateCommentServlet is called
2020-09-23 13:15:22 INFO  LoginFilter:131 - Logger here! btnAction at Filter :Create Comment
2020-09-23 13:15:22 INFO  DispatchController:56 - DispatchController is called
2020-09-23 13:15:22 INFO  DispatchController:60 - button in dispatchController :Create Comment
2020-09-23 13:15:22 INFO  CreateCommentServlet:49 - CreateCommentServlet is called
2020-09-23 13:15:23 INFO  LoginFilter:131 - Logger here! btnAction at Filter :Create Comment
2020-09-23 13:15:23 INFO  DispatchController:56 - DispatchController is called
2020-09-23 13:15:23 INFO  DispatchController:60 - button in dispatchController :Create Comment
2020-09-23 13:15:23 INFO  CreateCommentServlet:49 - CreateCommentServlet is called
2020-09-23 13:16:18 INFO  LoginFilter:131 - Logger here! btnAction at Filter :Create Comment
2020-09-23 13:16:18 INFO  DispatchController:56 - DispatchController is called
2020-09-23 13:16:18 INFO  DispatchController:60 - button in dispatchController :Create Comment
2020-09-23 13:16:18 INFO  CreateCommentServlet:49 - CreateCommentServlet is called
2020-09-23 13:17:29 INFO  LoginFilter:131 - Logger here! btnAction at Filter :Get my post
2020-09-23 13:17:29 INFO  DispatchController:56 - DispatchController is called
2020-09-23 13:17:29 INFO  DispatchController:60 - button in dispatchController :Get my post
2020-09-23 13:17:29 INFO  GetMyPostsServlet:49 - GetMyPostsServlet is called
2020-09-23 13:17:34 INFO  LoginFilter:131 - Logger here! btnAction at Filter :Search Now!
2020-09-23 13:17:34 INFO  DispatchController:56 - DispatchController is called
2020-09-23 13:17:34 INFO  DispatchController:60 - button in dispatchController :Search Now!
2020-09-23 13:17:34 INFO  SearchServlet:47 - SearchServlet is called
2020-09-23 13:17:34 INFO  SearchServlet:56 - Search Value : c
2020-09-23 13:17:36 INFO  LoginFilter:131 - Logger here! btnAction at Filter :View Post
2020-09-23 13:17:36 INFO  DispatchController:56 - DispatchController is called
2020-09-23 13:17:36 INFO  DispatchController:60 - button in dispatchController :View Post
2020-09-23 13:17:36 INFO  ViewPostServlet:47 - ViewPostServlet is called
2020-09-23 13:17:36 INFO  GetCommentServlet:45 - GetCommentServlet is called
2020-09-23 13:17:37 INFO  LoginFilter:131 - Logger here! btnAction at Filter :View Post
2020-09-23 13:17:37 INFO  DispatchController:56 - DispatchController is called
2020-09-23 13:17:37 INFO  DispatchController:60 - button in dispatchController :View Post
2020-09-23 13:17:37 INFO  ViewPostServlet:47 - ViewPostServlet is called
2020-09-23 13:17:38 INFO  GetCommentServlet:45 - GetCommentServlet is called
2020-09-23 13:17:51 INFO  LoginFilter:131 - Logger here! btnAction at Filter :Create Comment
2020-09-23 13:17:51 INFO  DispatchController:56 - DispatchController is called
2020-09-23 13:17:51 INFO  DispatchController:60 - button in dispatchController :Create Comment
2020-09-23 13:17:51 INFO  CreateCommentServlet:49 - CreateCommentServlet is called
2020-09-23 13:21:59 INFO  LoginFilter:131 - Logger here! btnAction at Filter :Get my post
2020-09-23 13:21:59 INFO  DispatchController:56 - DispatchController is called
2020-09-23 13:21:59 INFO  DispatchController:60 - button in dispatchController :Get my post
2020-09-23 13:21:59 INFO  GetMyPostsServlet:49 - GetMyPostsServlet is called
2020-09-23 13:22:02 INFO  LoginFilter:131 - Logger here! btnAction at Filter :Search Now!
2020-09-23 13:22:02 INFO  DispatchController:56 - DispatchController is called
2020-09-23 13:22:02 INFO  DispatchController:60 - button in dispatchController :Search Now!
2020-09-23 13:22:02 INFO  SearchServlet:47 - SearchServlet is called
2020-09-23 13:22:02 INFO  SearchServlet:56 - Search Value : c
2020-09-23 13:22:04 INFO  LoginFilter:131 - Logger here! btnAction at Filter :Search Now!
2020-09-23 13:22:04 INFO  DispatchController:56 - DispatchController is called
2020-09-23 13:22:04 INFO  DispatchController:60 - button in dispatchController :Search Now!
2020-09-23 13:22:04 INFO  SearchServlet:47 - SearchServlet is called
2020-09-23 13:22:04 INFO  SearchServlet:56 - Search Value : c
2020-09-23 13:22:05 INFO  LoginFilter:131 - Logger here! btnAction at Filter :View Post
2020-09-23 13:22:05 INFO  DispatchController:56 - DispatchController is called
2020-09-23 13:22:05 INFO  DispatchController:60 - button in dispatchController :View Post
2020-09-23 13:22:05 INFO  ViewPostServlet:47 - ViewPostServlet is called
2020-09-23 13:22:05 INFO  GetCommentServlet:45 - GetCommentServlet is called
2020-09-23 13:22:17 INFO  LoginFilter:131 - Logger here! btnAction at Filter :Create Comment
2020-09-23 13:22:17 INFO  DispatchController:56 - DispatchController is called
2020-09-23 13:22:17 INFO  DispatchController:60 - button in dispatchController :Create Comment
2020-09-23 13:22:17 INFO  CreateCommentServlet:49 - CreateCommentServlet is called
2020-09-23 15:41:42 INFO  LoginFilter:131 - Logger here! btnAction at Filter :null
2020-09-23 15:41:42 INFO  DispatchController:56 - DispatchController is called
2020-09-23 15:41:42 INFO  DispatchController:60 - button in dispatchController :null
2020-09-23 15:41:42 INFO  FirstTimeServlet:49 - FirstTimeServlet is called
2020-09-23 15:41:53 INFO  LoginFilter:131 - Logger here! btnAction at Filter :Login now!
2020-09-23 15:41:53 INFO  DispatchController:56 - DispatchController is called
2020-09-23 15:41:53 INFO  DispatchController:60 - button in dispatchController :Login now!
2020-09-23 15:41:53 INFO  LoginServlet:53 - LoginServlet is called
2020-09-23 15:41:57 INFO  GetMyPostsServlet:49 - GetMyPostsServlet is called
2020-09-23 15:42:29 INFO  LoginFilter:131 - Logger here! btnAction at Filter :View Post
2020-09-23 15:42:29 INFO  DispatchController:56 - DispatchController is called
2020-09-23 15:42:29 INFO  DispatchController:60 - button in dispatchController :View Post
2020-09-23 15:42:29 INFO  ViewPostServlet:47 - ViewPostServlet is called
2020-09-23 15:42:29 INFO  GetCommentServlet:45 - GetCommentServlet is called
2020-09-23 15:42:40 INFO  LoginFilter:131 - Logger here! btnAction at Filter :Get my post
2020-09-23 15:42:40 INFO  DispatchController:56 - DispatchController is called
2020-09-23 15:42:40 INFO  DispatchController:60 - button in dispatchController :Get my post
2020-09-23 15:42:40 INFO  GetMyPostsServlet:49 - GetMyPostsServlet is called
2020-09-23 15:42:46 INFO  LoginFilter:131 - Logger here! btnAction at Filter :View Post
2020-09-23 15:42:46 INFO  DispatchController:56 - DispatchController is called
2020-09-23 15:42:46 INFO  DispatchController:60 - button in dispatchController :View Post
2020-09-23 15:42:46 INFO  ViewPostServlet:47 - ViewPostServlet is called
2020-09-23 15:42:46 INFO  GetCommentServlet:45 - GetCommentServlet is called
2020-09-23 15:45:11 INFO  LoginFilter:131 - Logger here! btnAction at Filter :Get my post
2020-09-23 15:45:11 INFO  DispatchController:56 - DispatchController is called
2020-09-23 15:45:11 INFO  DispatchController:60 - button in dispatchController :Get my post
2020-09-23 15:45:11 INFO  GetMyPostsServlet:49 - GetMyPostsServlet is called
2020-09-23 15:45:23 INFO  LoginFilter:131 - Logger here! btnAction at Filter :View Post
2020-09-23 15:45:23 INFO  DispatchController:56 - DispatchController is called
2020-09-23 15:45:23 INFO  DispatchController:60 - button in dispatchController :View Post
2020-09-23 15:45:23 INFO  ViewPostServlet:47 - ViewPostServlet is called
2020-09-23 15:45:23 INFO  GetCommentServlet:45 - GetCommentServlet is called
2020-09-23 15:46:37 INFO  LoginFilter:131 - Logger here! btnAction at Filter :Get my post
2020-09-23 15:46:37 INFO  DispatchController:56 - DispatchController is called
2020-09-23 15:46:37 INFO  DispatchController:60 - button in dispatchController :Get my post
2020-09-23 15:46:37 INFO  GetMyPostsServlet:49 - GetMyPostsServlet is called
2020-09-23 15:46:40 INFO  LoginFilter:131 - Logger here! btnAction at Filter :View Post
2020-09-23 15:46:40 INFO  DispatchController:56 - DispatchController is called
2020-09-23 15:46:40 INFO  DispatchController:60 - button in dispatchController :View Post
2020-09-23 15:46:40 INFO  ViewPostServlet:47 - ViewPostServlet is called
2020-09-23 15:46:41 INFO  GetCommentServlet:45 - GetCommentServlet is called
2020-09-23 15:46:47 INFO  LoginFilter:131 - Logger here! btnAction at Filter :Delete this comment
2020-09-23 15:46:47 INFO  DispatchController:56 - DispatchController is called
2020-09-23 15:46:47 INFO  DispatchController:60 - button in dispatchController :Delete this comment
2020-09-23 15:46:47 INFO  DeleteCommentServlet:41 - DeleteCommentServlet is called
2020-09-23 15:46:47 ERROR LoginFilter:192 - LoginFilter:For input string: ""
2020-09-23 15:48:52 INFO  LoginFilter:131 - Logger here! btnAction at Filter :View Post
2020-09-23 15:48:52 INFO  DispatchController:56 - DispatchController is called
2020-09-23 15:48:52 INFO  DispatchController:60 - button in dispatchController :View Post
2020-09-23 15:48:52 INFO  ViewPostServlet:47 - ViewPostServlet is called
2020-09-23 15:48:52 INFO  GetCommentServlet:45 - GetCommentServlet is called
2020-09-23 15:49:31 INFO  LoginFilter:131 - Logger here! btnAction at Filter :View Post
2020-09-23 15:49:31 INFO  DispatchController:56 - DispatchController is called
2020-09-23 15:49:31 INFO  DispatchController:60 - button in dispatchController :View Post
2020-09-23 15:49:31 INFO  ViewPostServlet:47 - ViewPostServlet is called
2020-09-23 15:49:31 INFO  GetCommentServlet:45 - GetCommentServlet is called
2020-09-23 15:50:26 INFO  LoginFilter:131 - Logger here! btnAction at Filter :View Post
2020-09-23 15:50:26 INFO  DispatchController:56 - DispatchController is called
2020-09-23 15:50:26 INFO  DispatchController:60 - button in dispatchController :View Post
2020-09-23 15:50:26 INFO  ViewPostServlet:47 - ViewPostServlet is called
2020-09-23 15:50:26 INFO  GetCommentServlet:45 - GetCommentServlet is called
2020-09-23 15:51:00 INFO  LoginFilter:131 - Logger here! btnAction at Filter :View Post
2020-09-23 15:51:00 INFO  DispatchController:56 - DispatchController is called
2020-09-23 15:51:00 INFO  DispatchController:60 - button in dispatchController :View Post
2020-09-23 15:51:00 INFO  ViewPostServlet:47 - ViewPostServlet is called
2020-09-23 15:51:00 INFO  GetCommentServlet:45 - GetCommentServlet is called
2020-09-23 15:51:16 INFO  LoginFilter:131 - Logger here! btnAction at Filter :Delete this comment
2020-09-23 15:51:16 INFO  DispatchController:56 - DispatchController is called
2020-09-23 15:51:16 INFO  DispatchController:60 - button in dispatchController :Delete this comment
2020-09-23 15:51:16 INFO  DeleteCommentServlet:41 - DeleteCommentServlet is called
2020-09-23 15:51:16 ERROR DeleteCommentServlet:56 - DeleteCommentServlet_SQL : The value is not set for the parameter number 2.
2020-09-23 15:51:30 INFO  LoginFilter:131 - Logger here! btnAction at Filter :View Post
2020-09-23 15:51:30 INFO  DispatchController:56 - DispatchController is called
2020-09-23 15:51:30 INFO  DispatchController:60 - button in dispatchController :View Post
2020-09-23 15:51:30 INFO  ViewPostServlet:47 - ViewPostServlet is called
2020-09-23 15:51:30 INFO  GetCommentServlet:45 - GetCommentServlet is called
2020-09-23 15:51:35 INFO  LoginFilter:131 - Logger here! btnAction at Filter :Get my post
2020-09-23 15:51:35 INFO  DispatchController:56 - DispatchController is called
2020-09-23 15:51:35 INFO  DispatchController:60 - button in dispatchController :Get my post
2020-09-23 15:51:35 INFO  GetMyPostsServlet:49 - GetMyPostsServlet is called
2020-09-23 15:51:37 INFO  LoginFilter:131 - Logger here! btnAction at Filter :View Post
2020-09-23 15:51:37 INFO  DispatchController:56 - DispatchController is called
2020-09-23 15:51:37 INFO  DispatchController:60 - button in dispatchController :View Post
2020-09-23 15:51:37 INFO  ViewPostServlet:47 - ViewPostServlet is called
2020-09-23 15:51:37 INFO  GetCommentServlet:45 - GetCommentServlet is called
2020-09-23 15:53:00 INFO  LoginFilter:131 - Logger here! btnAction at Filter :null
2020-09-23 15:53:00 INFO  DispatchController:56 - DispatchController is called
2020-09-23 15:53:00 INFO  DispatchController:60 - button in dispatchController :null
2020-09-23 15:53:00 INFO  FirstTimeServlet:49 - FirstTimeServlet is called
2020-09-23 15:53:09 INFO  LoginFilter:131 - Logger here! btnAction at Filter :Login now!
2020-09-23 15:53:09 INFO  DispatchController:56 - DispatchController is called
2020-09-23 15:53:09 INFO  DispatchController:60 - button in dispatchController :Login now!
2020-09-23 15:53:09 INFO  LoginServlet:53 - LoginServlet is called
2020-09-23 15:53:09 INFO  GetMyPostsServlet:49 - GetMyPostsServlet is called
2020-09-23 15:53:13 INFO  LoginFilter:131 - Logger here! btnAction at Filter :View Post
2020-09-23 15:53:13 INFO  DispatchController:56 - DispatchController is called
2020-09-23 15:53:13 INFO  DispatchController:60 - button in dispatchController :View Post
2020-09-23 15:53:13 INFO  ViewPostServlet:47 - ViewPostServlet is called
2020-09-23 15:53:13 INFO  GetCommentServlet:45 - GetCommentServlet is called
2020-09-23 15:53:30 INFO  LoginFilter:131 - Logger here! btnAction at Filter :Delete this comment
2020-09-23 15:53:30 INFO  DispatchController:56 - DispatchController is called
2020-09-23 15:53:30 INFO  DispatchController:60 - button in dispatchController :Delete this comment
2020-09-23 15:53:30 INFO  DeleteCommentServlet:41 - DeleteCommentServlet is called
2020-09-23 15:53:43 INFO  LoginFilter:131 - Logger here! btnAction at Filter :View Post
2020-09-23 15:53:43 INFO  DispatchController:56 - DispatchController is called
2020-09-23 15:53:43 INFO  DispatchController:60 - button in dispatchController :View Post
2020-09-23 15:53:43 INFO  ViewPostServlet:47 - ViewPostServlet is called
2020-09-23 15:53:44 INFO  GetCommentServlet:45 - GetCommentServlet is called
2020-09-23 15:56:54 INFO  LoginFilter:131 - Logger here! btnAction at Filter :null
2020-09-23 15:56:54 INFO  DispatchController:56 - DispatchController is called
2020-09-23 15:56:54 INFO  DispatchController:60 - button in dispatchController :null
2020-09-23 15:56:54 INFO  FirstTimeServlet:49 - FirstTimeServlet is called
2020-09-23 15:56:55 INFO  FirstTimeServlet:73 - FirstTime - Has User
2020-09-23 15:56:55 INFO  GetMyPostsServlet:49 - GetMyPostsServlet is called
2020-09-23 15:56:59 INFO  LoginFilter:131 - Logger here! btnAction at Filter :View Post
2020-09-23 15:56:59 INFO  DispatchController:56 - DispatchController is called
2020-09-23 15:56:59 INFO  DispatchController:60 - button in dispatchController :View Post
2020-09-23 15:56:59 INFO  ViewPostServlet:47 - ViewPostServlet is called
2020-09-23 15:56:59 INFO  GetCommentServlet:45 - GetCommentServlet is called
2020-09-23 15:57:04 INFO  LoginFilter:131 - Logger here! btnAction at Filter :Delete this comment
2020-09-23 15:57:04 INFO  DispatchController:56 - DispatchController is called
2020-09-23 15:57:04 INFO  DispatchController:60 - button in dispatchController :Delete this comment
2020-09-23 15:57:04 INFO  DeleteCommentServlet:41 - DeleteCommentServlet is called
2020-09-23 15:57:08 INFO  LoginFilter:131 - Logger here! btnAction at Filter :Get my post
2020-09-23 15:57:08 INFO  DispatchController:56 - DispatchController is called
2020-09-23 15:57:08 INFO  DispatchController:60 - button in dispatchController :Get my post
2020-09-23 15:57:08 INFO  GetMyPostsServlet:49 - GetMyPostsServlet is called
2020-09-23 15:57:10 INFO  LoginFilter:131 - Logger here! btnAction at Filter :View Post
2020-09-23 15:57:10 INFO  DispatchController:56 - DispatchController is called
2020-09-23 15:57:10 INFO  DispatchController:60 - button in dispatchController :View Post
2020-09-23 15:57:10 INFO  ViewPostServlet:47 - ViewPostServlet is called
2020-09-23 15:57:10 INFO  GetCommentServlet:45 - GetCommentServlet is called
2020-09-23 15:59:01 INFO  LoginFilter:131 - Logger here! btnAction at Filter :Delete this comment
2020-09-23 15:59:01 INFO  DispatchController:56 - DispatchController is called
2020-09-23 15:59:01 INFO  DispatchController:60 - button in dispatchController :Delete this comment
2020-09-23 15:59:01 INFO  DeleteCommentServlet:41 - DeleteCommentServlet is called
2020-09-23 15:59:05 INFO  LoginFilter:131 - Logger here! btnAction at Filter :Get my post
2020-09-23 15:59:05 INFO  DispatchController:56 - DispatchController is called
2020-09-23 15:59:05 INFO  DispatchController:60 - button in dispatchController :Get my post
2020-09-23 15:59:05 INFO  GetMyPostsServlet:49 - GetMyPostsServlet is called
2020-09-23 15:59:07 INFO  LoginFilter:131 - Logger here! btnAction at Filter :View Post
2020-09-23 15:59:07 INFO  DispatchController:56 - DispatchController is called
2020-09-23 15:59:07 INFO  DispatchController:60 - button in dispatchController :View Post
2020-09-23 15:59:07 INFO  ViewPostServlet:47 - ViewPostServlet is called
2020-09-23 15:59:07 INFO  GetCommentServlet:45 - GetCommentServlet is called
2020-09-23 15:59:12 INFO  LoginFilter:131 - Logger here! btnAction at Filter :Delete this comment
2020-09-23 15:59:12 INFO  DispatchController:56 - DispatchController is called
2020-09-23 15:59:12 INFO  DispatchController:60 - button in dispatchController :Delete this comment
2020-09-23 15:59:12 INFO  DeleteCommentServlet:41 - DeleteCommentServlet is called
2020-09-23 15:59:17 INFO  LoginFilter:131 - Logger here! btnAction at Filter :Get my post
2020-09-23 15:59:17 INFO  DispatchController:56 - DispatchController is called
2020-09-23 15:59:17 INFO  DispatchController:60 - button in dispatchController :Get my post
2020-09-23 15:59:17 INFO  GetMyPostsServlet:49 - GetMyPostsServlet is called
2020-09-23 15:59:27 INFO  LoginFilter:131 - Logger here! btnAction at Filter :View Post
2020-09-23 15:59:27 INFO  DispatchController:56 - DispatchController is called
2020-09-23 15:59:27 INFO  DispatchController:60 - button in dispatchController :View Post
2020-09-23 15:59:27 INFO  ViewPostServlet:47 - ViewPostServlet is called
2020-09-23 15:59:27 INFO  GetCommentServlet:45 - GetCommentServlet is called
2020-09-23 15:59:37 INFO  LoginFilter:131 - Logger here! btnAction at Filter :Delete this comment
2020-09-23 15:59:37 INFO  DispatchController:56 - DispatchController is called
2020-09-23 15:59:37 INFO  DispatchController:60 - button in dispatchController :Delete this comment
2020-09-23 15:59:37 INFO  DeleteCommentServlet:41 - DeleteCommentServlet is called
2020-09-23 16:04:24 INFO  LoginFilter:131 - Logger here! btnAction at Filter :Get my post
2020-09-23 16:04:24 INFO  DispatchController:56 - DispatchController is called
2020-09-23 16:04:24 INFO  DispatchController:60 - button in dispatchController :Get my post
2020-09-23 16:04:24 INFO  GetMyPostsServlet:49 - GetMyPostsServlet is called
2020-09-23 16:04:29 INFO  LoginFilter:131 - Logger here! btnAction at Filter :Search Now!
2020-09-23 16:04:29 INFO  DispatchController:56 - DispatchController is called
2020-09-23 16:04:29 INFO  DispatchController:60 - button in dispatchController :Search Now!
2020-09-23 16:04:29 INFO  SearchServlet:47 - SearchServlet is called
2020-09-23 16:04:29 INFO  SearchServlet:56 - Search Value : c
2020-09-23 16:04:31 INFO  LoginFilter:131 - Logger here! btnAction at Filter :Search Now!
2020-09-23 16:04:31 INFO  DispatchController:56 - DispatchController is called
2020-09-23 16:04:31 INFO  DispatchController:60 - button in dispatchController :Search Now!
2020-09-23 16:04:31 INFO  SearchServlet:47 - SearchServlet is called
2020-09-23 16:04:31 INFO  SearchServlet:56 - Search Value : c
2020-09-23 16:04:33 INFO  LoginFilter:131 - Logger here! btnAction at Filter :View Post
2020-09-23 16:04:33 INFO  DispatchController:56 - DispatchController is called
2020-09-23 16:04:33 INFO  DispatchController:60 - button in dispatchController :View Post
2020-09-23 16:04:33 INFO  ViewPostServlet:47 - ViewPostServlet is called
2020-09-23 16:04:34 INFO  GetCommentServlet:45 - GetCommentServlet is called
2020-09-23 16:04:43 INFO  LoginFilter:131 - Logger here! btnAction at Filter :Delete this comment
2020-09-23 16:04:43 INFO  DispatchController:56 - DispatchController is called
2020-09-23 16:04:43 INFO  DispatchController:60 - button in dispatchController :Delete this comment
2020-09-23 16:04:43 INFO  DeleteCommentServlet:41 - DeleteCommentServlet is called
2020-09-23 16:04:54 INFO  LoginFilter:131 - Logger here! btnAction at Filter :Create Comment
2020-09-23 16:04:54 INFO  DispatchController:56 - DispatchController is called
2020-09-23 16:04:54 INFO  DispatchController:60 - button in dispatchController :Create Comment
2020-09-23 16:04:54 INFO  CreateCommentServlet:49 - CreateCommentServlet is called
2020-09-23 16:05:25 INFO  LoginFilter:131 - Logger here! btnAction at Filter :Delete this comment
2020-09-23 16:05:25 INFO  DispatchController:56 - DispatchController is called
2020-09-23 16:05:25 INFO  DispatchController:60 - button in dispatchController :Delete this comment
2020-09-23 16:05:25 INFO  DeleteCommentServlet:41 - DeleteCommentServlet is called
2020-09-23 16:06:25 INFO  LoginFilter:131 - Logger here! btnAction at Filter :Get my post
2020-09-23 16:06:25 INFO  DispatchController:56 - DispatchController is called
2020-09-23 16:06:25 INFO  DispatchController:60 - button in dispatchController :Get my post
2020-09-23 16:06:25 INFO  GetMyPostsServlet:49 - GetMyPostsServlet is called
2020-09-23 16:06:27 INFO  LoginFilter:131 - Logger here! btnAction at Filter :Search Now!
2020-09-23 16:06:27 INFO  DispatchController:56 - DispatchController is called
2020-09-23 16:06:27 INFO  DispatchController:60 - button in dispatchController :Search Now!
2020-09-23 16:06:27 INFO  SearchServlet:47 - SearchServlet is called
2020-09-23 16:06:27 INFO  SearchServlet:56 - Search Value : c
2020-09-23 16:06:31 INFO  LoginFilter:131 - Logger here! btnAction at Filter :Search Now!
2020-09-23 16:06:31 INFO  DispatchController:56 - DispatchController is called
2020-09-23 16:06:31 INFO  DispatchController:60 - button in dispatchController :Search Now!
2020-09-23 16:06:31 INFO  SearchServlet:47 - SearchServlet is called
2020-09-23 16:06:31 INFO  SearchServlet:56 - Search Value : c
2020-09-23 16:06:34 INFO  LoginFilter:131 - Logger here! btnAction at Filter :View Post
2020-09-23 16:06:34 INFO  DispatchController:56 - DispatchController is called
2020-09-23 16:06:34 INFO  DispatchController:60 - button in dispatchController :View Post
2020-09-23 16:06:34 INFO  ViewPostServlet:47 - ViewPostServlet is called
2020-09-23 16:06:34 INFO  GetCommentServlet:45 - GetCommentServlet is called
2020-09-23 16:06:49 INFO  LoginFilter:131 - Logger here! btnAction at Filter :Create Comment
2020-09-23 16:06:49 INFO  DispatchController:56 - DispatchController is called
2020-09-23 16:06:49 INFO  DispatchController:60 - button in dispatchController :Create Comment
2020-09-23 16:06:49 INFO  CreateCommentServlet:49 - CreateCommentServlet is called
2020-09-23 16:06:57 INFO  LoginFilter:131 - Logger here! btnAction at Filter :Delete this comment
2020-09-23 16:06:57 INFO  DispatchController:56 - DispatchController is called
2020-09-23 16:06:57 INFO  DispatchController:60 - button in dispatchController :Delete this comment
2020-09-23 16:06:57 INFO  DeleteCommentServlet:41 - DeleteCommentServlet is called
2020-09-23 16:06:57 ERROR LoginFilter:192 - LoginFilter:For input string: ""
2020-09-23 16:09:11 INFO  LoginFilter:131 - Logger here! btnAction at Filter :Get my post
2020-09-23 16:09:11 INFO  DispatchController:56 - DispatchController is called
2020-09-23 16:09:11 INFO  DispatchController:60 - button in dispatchController :Get my post
2020-09-23 16:09:11 INFO  GetMyPostsServlet:49 - GetMyPostsServlet is called
2020-09-23 16:09:15 INFO  LoginFilter:131 - Logger here! btnAction at Filter :Search Now!
2020-09-23 16:09:15 INFO  DispatchController:56 - DispatchController is called
2020-09-23 16:09:15 INFO  DispatchController:60 - button in dispatchController :Search Now!
2020-09-23 16:09:15 INFO  SearchServlet:47 - SearchServlet is called
2020-09-23 16:09:15 INFO  SearchServlet:56 - Search Value : c
2020-09-23 16:09:18 INFO  LoginFilter:131 - Logger here! btnAction at Filter :Search Now!
2020-09-23 16:09:18 INFO  DispatchController:56 - DispatchController is called
2020-09-23 16:09:18 INFO  DispatchController:60 - button in dispatchController :Search Now!
2020-09-23 16:09:18 INFO  SearchServlet:47 - SearchServlet is called
2020-09-23 16:09:18 INFO  SearchServlet:56 - Search Value : c
2020-09-23 16:09:20 INFO  LoginFilter:131 - Logger here! btnAction at Filter :View Post
2020-09-23 16:09:20 INFO  DispatchController:56 - DispatchController is called
2020-09-23 16:09:20 INFO  DispatchController:60 - button in dispatchController :View Post
2020-09-23 16:09:20 INFO  ViewPostServlet:47 - ViewPostServlet is called
2020-09-23 16:09:20 INFO  GetCommentServlet:45 - GetCommentServlet is called
2020-09-23 16:09:33 INFO  LoginFilter:131 - Logger here! btnAction at Filter :Create Comment
2020-09-23 16:09:33 INFO  DispatchController:56 - DispatchController is called
2020-09-23 16:09:33 INFO  DispatchController:60 - button in dispatchController :Create Comment
2020-09-23 16:09:33 INFO  CreateCommentServlet:49 - CreateCommentServlet is called
2020-09-23 16:09:57 INFO  LoginFilter:131 - Logger here! btnAction at Filter :Delete this comment
2020-09-23 16:09:57 INFO  DispatchController:56 - DispatchController is called
2020-09-23 16:09:57 INFO  DispatchController:60 - button in dispatchController :Delete this comment
2020-09-23 16:09:57 INFO  DeleteCommentServlet:41 - DeleteCommentServlet is called
2020-09-23 16:10:15 INFO  LoginFilter:131 - Logger here! btnAction at Filter :Get my post
2020-09-23 16:10:15 INFO  DispatchController:56 - DispatchController is called
2020-09-23 16:10:15 INFO  DispatchController:60 - button in dispatchController :Get my post
2020-09-23 16:10:15 INFO  GetMyPostsServlet:49 - GetMyPostsServlet is called
2020-09-23 16:10:25 INFO  LoginFilter:131 - Logger here! btnAction at Filter :View Post
2020-09-23 16:10:25 INFO  DispatchController:56 - DispatchController is called
2020-09-23 16:10:25 INFO  DispatchController:60 - button in dispatchController :View Post
2020-09-23 16:10:25 INFO  ViewPostServlet:47 - ViewPostServlet is called
2020-09-23 16:10:26 INFO  GetCommentServlet:45 - GetCommentServlet is called
2020-09-23 16:12:54 INFO  LoginFilter:131 - Logger here! btnAction at Filter :Get my post
2020-09-23 16:12:54 INFO  DispatchController:56 - DispatchController is called
2020-09-23 16:12:54 INFO  DispatchController:60 - button in dispatchController :Get my post
2020-09-23 16:12:54 INFO  GetMyPostsServlet:49 - GetMyPostsServlet is called
2020-09-23 16:12:58 INFO  LoginFilter:131 - Logger here! btnAction at Filter :View Post
2020-09-23 16:12:58 INFO  DispatchController:56 - DispatchController is called
2020-09-23 16:12:58 INFO  DispatchController:60 - button in dispatchController :View Post
2020-09-23 16:12:58 INFO  ViewPostServlet:47 - ViewPostServlet is called
2020-09-23 16:12:59 INFO  GetCommentServlet:45 - GetCommentServlet is called
2020-09-23 16:13:06 INFO  LoginFilter:131 - Logger here! btnAction at Filter :Create Comment
2020-09-23 16:13:06 INFO  DispatchController:56 - DispatchController is called
2020-09-23 16:13:06 INFO  DispatchController:60 - button in dispatchController :Create Comment
2020-09-23 16:13:06 INFO  CreateCommentServlet:49 - CreateCommentServlet is called
2020-09-23 16:13:09 INFO  LoginFilter:131 - Logger here! btnAction at Filter :Delete this comment
2020-09-23 16:13:09 INFO  DispatchController:56 - DispatchController is called
2020-09-23 16:13:09 INFO  DispatchController:60 - button in dispatchController :Delete this comment
2020-09-23 16:13:09 INFO  DeleteCommentServlet:41 - DeleteCommentServlet is called
2020-09-23 16:14:00 INFO  LoginFilter:131 - Logger here! btnAction at Filter :Get my post
2020-09-23 16:14:01 INFO  DispatchController:56 - DispatchController is called
2020-09-23 16:14:01 INFO  DispatchController:60 - button in dispatchController :Get my post
2020-09-23 16:14:01 INFO  GetMyPostsServlet:49 - GetMyPostsServlet is called
2020-09-23 16:14:04 INFO  LoginFilter:131 - Logger here! btnAction at Filter :View Post
2020-09-23 16:14:04 INFO  DispatchController:56 - DispatchController is called
2020-09-23 16:14:04 INFO  DispatchController:60 - button in dispatchController :View Post
2020-09-23 16:14:04 INFO  ViewPostServlet:47 - ViewPostServlet is called
2020-09-23 16:14:04 INFO  GetCommentServlet:45 - GetCommentServlet is called
2020-09-23 16:14:13 INFO  LoginFilter:131 - Logger here! btnAction at Filter :Create Comment
2020-09-23 16:14:13 INFO  DispatchController:56 - DispatchController is called
2020-09-23 16:14:13 INFO  DispatchController:60 - button in dispatchController :Create Comment
2020-09-23 16:14:13 INFO  CreateCommentServlet:49 - CreateCommentServlet is called
2020-09-23 16:14:21 INFO  LoginFilter:131 - Logger here! btnAction at Filter :Delete this comment
2020-09-23 16:14:21 INFO  DispatchController:56 - DispatchController is called
2020-09-23 16:14:21 INFO  DispatchController:60 - button in dispatchController :Delete this comment
2020-09-23 16:14:21 INFO  DeleteCommentServlet:41 - DeleteCommentServlet is called
2020-09-23 16:14:52 INFO  LoginFilter:131 - Logger here! btnAction at Filter :Create Comment
2020-09-23 16:14:52 INFO  DispatchController:56 - DispatchController is called
2020-09-23 16:14:52 INFO  DispatchController:60 - button in dispatchController :Create Comment
2020-09-23 16:14:52 INFO  CreateCommentServlet:49 - CreateCommentServlet is called
2020-09-23 16:15:03 INFO  LoginFilter:131 - Logger here! btnAction at Filter :Delete this comment
2020-09-23 16:15:03 INFO  DispatchController:56 - DispatchController is called
2020-09-23 16:15:03 INFO  DispatchController:60 - button in dispatchController :Delete this comment
2020-09-23 16:15:03 INFO  DeleteCommentServlet:41 - DeleteCommentServlet is called
2020-09-23 16:18:25 INFO  LoginFilter:131 - Logger here! btnAction at Filter :Get my post
2020-09-23 16:18:25 INFO  DispatchController:56 - DispatchController is called
2020-09-23 16:18:25 INFO  DispatchController:60 - button in dispatchController :Get my post
2020-09-23 16:18:25 INFO  GetMyPostsServlet:49 - GetMyPostsServlet is called
2020-09-23 16:18:29 INFO  LoginFilter:131 - Logger here! btnAction at Filter :View Post
2020-09-23 16:18:29 INFO  DispatchController:56 - DispatchController is called
2020-09-23 16:18:29 INFO  DispatchController:60 - button in dispatchController :View Post
2020-09-23 16:18:29 INFO  ViewPostServlet:47 - ViewPostServlet is called
2020-09-23 16:18:29 INFO  GetCommentServlet:45 - GetCommentServlet is called
2020-09-23 16:18:35 INFO  LoginFilter:131 - Logger here! btnAction at Filter :Create Comment
2020-09-23 16:18:35 INFO  DispatchController:56 - DispatchController is called
2020-09-23 16:18:35 INFO  DispatchController:60 - button in dispatchController :Create Comment
2020-09-23 16:18:35 INFO  CreateCommentServlet:49 - CreateCommentServlet is called
2020-09-23 16:18:41 INFO  LoginFilter:131 - Logger here! btnAction at Filter :Delete this comment
2020-09-23 16:18:41 INFO  DispatchController:56 - DispatchController is called
2020-09-23 16:18:41 INFO  DispatchController:60 - button in dispatchController :Delete this comment
2020-09-23 16:18:41 INFO  DeleteCommentServlet:41 - DeleteCommentServlet is called
2020-09-23 16:20:04 INFO  LoginFilter:131 - Logger here! btnAction at Filter :Create Comment
2020-09-23 16:20:04 INFO  DispatchController:56 - DispatchController is called
2020-09-23 16:20:04 INFO  DispatchController:60 - button in dispatchController :Create Comment
2020-09-23 16:20:04 INFO  CreateCommentServlet:49 - CreateCommentServlet is called
2020-09-23 16:20:19 INFO  LoginFilter:131 - Logger here! btnAction at Filter :Create Comment
2020-09-23 16:20:19 INFO  DispatchController:56 - DispatchController is called
2020-09-23 16:20:19 INFO  DispatchController:60 - button in dispatchController :Create Comment
2020-09-23 16:20:19 INFO  CreateCommentServlet:49 - CreateCommentServlet is called
2020-09-23 16:20:25 INFO  LoginFilter:131 - Logger here! btnAction at Filter :Delete this comment
2020-09-23 16:20:25 INFO  DispatchController:56 - DispatchController is called
2020-09-23 16:20:25 INFO  DispatchController:60 - button in dispatchController :Delete this comment
2020-09-23 16:20:25 INFO  DeleteCommentServlet:41 - DeleteCommentServlet is called
2020-09-23 16:20:30 INFO  LoginFilter:131 - Logger here! btnAction at Filter :Delete this comment
2020-09-23 16:20:30 INFO  DispatchController:56 - DispatchController is called
2020-09-23 16:20:30 INFO  DispatchController:60 - button in dispatchController :Delete this comment
2020-09-23 16:20:30 INFO  DeleteCommentServlet:41 - DeleteCommentServlet is called
2020-09-23 16:21:18 INFO  LoginFilter:131 - Logger here! btnAction at Filter :Get my post
2020-09-23 16:21:18 INFO  DispatchController:56 - DispatchController is called
2020-09-23 16:21:18 INFO  DispatchController:60 - button in dispatchController :Get my post
2020-09-23 16:21:18 INFO  GetMyPostsServlet:49 - GetMyPostsServlet is called
2020-09-23 16:21:21 INFO  LoginFilter:131 - Logger here! btnAction at Filter :View Post
2020-09-23 16:21:21 INFO  DispatchController:56 - DispatchController is called
2020-09-23 16:21:21 INFO  DispatchController:60 - button in dispatchController :View Post
2020-09-23 16:21:21 INFO  ViewPostServlet:47 - ViewPostServlet is called
2020-09-23 16:21:21 INFO  GetCommentServlet:45 - GetCommentServlet is called
2020-09-23 16:21:27 INFO  LoginFilter:131 - Logger here! btnAction at Filter :Create Comment
2020-09-23 16:21:27 INFO  DispatchController:56 - DispatchController is called
2020-09-23 16:21:27 INFO  DispatchController:60 - button in dispatchController :Create Comment
2020-09-23 16:21:27 INFO  CreateCommentServlet:49 - CreateCommentServlet is called
2020-09-23 16:21:33 INFO  LoginFilter:131 - Logger here! btnAction at Filter :Delete this comment
2020-09-23 16:21:33 INFO  DispatchController:56 - DispatchController is called
2020-09-23 16:21:33 INFO  DispatchController:60 - button in dispatchController :Delete this comment
2020-09-23 16:21:33 INFO  DeleteCommentServlet:41 - DeleteCommentServlet is called
2020-09-23 16:23:47 INFO  LoginFilter:131 - Logger here! btnAction at Filter :Get my post
2020-09-23 16:23:47 INFO  DispatchController:56 - DispatchController is called
2020-09-23 16:23:47 INFO  DispatchController:60 - button in dispatchController :Get my post
2020-09-23 16:23:47 INFO  GetMyPostsServlet:49 - GetMyPostsServlet is called
2020-09-23 16:23:50 INFO  LoginFilter:131 - Logger here! btnAction at Filter :View Post
2020-09-23 16:23:50 INFO  DispatchController:56 - DispatchController is called
2020-09-23 16:23:50 INFO  DispatchController:60 - button in dispatchController :View Post
2020-09-23 16:23:50 INFO  ViewPostServlet:47 - ViewPostServlet is called
2020-09-23 16:23:51 INFO  GetCommentServlet:45 - GetCommentServlet is called
2020-09-23 16:23:56 INFO  LoginFilter:131 - Logger here! btnAction at Filter :Create Comment
2020-09-23 16:23:56 INFO  DispatchController:56 - DispatchController is called
2020-09-23 16:23:56 INFO  DispatchController:60 - button in dispatchController :Create Comment
2020-09-23 16:23:56 INFO  CreateCommentServlet:49 - CreateCommentServlet is called
2020-09-23 16:24:00 INFO  LoginFilter:131 - Logger here! btnAction at Filter :Delete this comment
2020-09-23 16:24:00 INFO  DispatchController:56 - DispatchController is called
2020-09-23 16:24:00 INFO  DispatchController:60 - button in dispatchController :Delete this comment
2020-09-23 16:24:00 INFO  DeleteCommentServlet:41 - DeleteCommentServlet is called
